objects detected
Object 4's name: 'trunk'
	properties: {
                     "walkable":"0"
                    }
		walkable: 0
Object 4's name: 'stump'
	properties: {
                     "walkable":"0"
                    }
		walkable: 0

Project 16 xcroll.exe. This is just a test file!
version Apr  5 2017 02:11:54
page[0]dxy: 16x16

player vars:
	xy: 160x128	txy: 10x8	triggxy: 10x9	value: 39
	hp: 4	q: 1	info.dir: 2	d: 2	dire: 30	pdir: 0
	delay=0

VL_PrintmodexmemInfo:
  Virtual Screen: 352x272	Tile: 22x17=((Virtual Screen)/16)
  	  Screen: 320x240	Tile: 20x15=((Screen)/16)
  Free Video Memory: 767
  page	[0]=(a000:0000) size=23936	w=352  h=272 sw=320  sh=240 pi=1408
	[1]=(a000:5d80) size=23936	w=352  h=272 sw=320  sh=240 pi=1408
	[2]=(a000:bb00) size=8448	w=352  h=96  sw=352  sh=96  pi=1408
	[3]=(a000:dc00) size=8448	w=352  h=96  sw=352  sh=96  pi=1408
gvar.video:
 r=0 bgps=1 dbg_delayanimation=0 

detected CPU type: 80386 or newer
detected FPU type: 80387
00
03 00 00 00 00 00 00 00 05 1c 01 08 25 02 0b 2e
1c 1d 26 1d 1f 3f 26 26 2f 37 26 1d 26 2f 37 3f
2f 1d 2f 37 37 3f 37 2f 3f 3f 3f 00 00 00 00 00
00 00 00 00 00 00 00 00 00 00 00 00 00 00 00 00
00 00 00 00 00 00 00 00 00 00 00 00 00 00 00 00
00 00 00 00 00 00 00 00 00 00 00 00 00 00 00 00
00 00 00 00 00 00 00 00 00 00 00 00 00 00 00 00
00 00 00 00 00 00 00 00 00 00 00 00 00 00 00 00
00 00 00 00 00 00 00 00 00 00 00 00 00 00 00 00
00 00 00 00 00 00 00 00 00 00 00 00 00 00 00 00
00 00 00 00 00 00 00 00 00 00 00 00 00 00 00 00
00 00 00 00 00 00 00 00 00 00 00 00 00 00 00 00
00 00 00 00 00 00 00 00 00 00 00 00 00 00 00 00
00 00 00 00 00 00 00 00 00 00 00 00 00 00 00 00
00 00 00 00 00 00 00 00 00 00 00 00 00 00 00 00
00 00 00 00 00 00 00 00 00 00 00 00 00 00 00 00
00 00 00 00 00 00 00 00 00 00 00 00 00 00 00 00
00 00 00 00 00 00 00 00 00 00 00 00 00 00 00 00
00 00 00 00 00 00 00 00 00 00 00 00 00 00 00 00
00 00 00 00 00 00 00 00 00 00 00 00 00 00 00 00
00 00 00 00 00 00 00 00 00 00 00 00 00 00 00 00
00 00 00 00 00 00 00 00 00 00 00 00 00 00 00 00
00 00 00 00 00 00 00 00 00 00 00 00 00 00 00 00
00 00 00 00 00 00 00 00 00 00 00 00 00 00 00 00
00 00 00 00 00 00 00 00 00 00 00 00 00 00 00 00
00 00 00 00 00 00 00 00 00 00 00 00 00 00 00 00
00 00 00 00 00 00 00 00 00 00 00 00 00 00 00 00
00 00 00 00 00 00 00 00 00 00 00 00 00 00 00 00
00 00 00 00 00 00 00 00 00 00 00 00 00 00 00 00
00 00 00 00 00 00 00 00 00 00 00 00 00 00 00 00
00 00 00 00 00 00 00 00 00 00 00 00 00 00 00 00
00 00 00 00 00 00 00 00 00 00 00 00 00 00 00 00
00 00 00 00 00 00 00 00 00 00 00 00 00 00 00 00
00 00 00 00 00 00 00 00 00 00 00 00 00 00 00 00
00 00 00 00 00 00 00 00 00 00 00 00 00 00 00 00
00 00 00 00 00 00 00 00 00 00 00 00 00 00 00 00
00 00 00 00 00 00 00 00 00 00 00 00 00 00 00 00
00 00 00 00 00 00 00 00 00 00 00 00 00 00 00 00
00 00 00 00 00 00 00 00 00 00 00 00 00 00 00 00
00 00 00 00 00 00 00 00 00 00 00 00 00 00 00 00
00 00 00 00 00 00 00 00 00 00 00 00 00 00 00 00
00 00 00 00 00 00 00 00 00 00 00 00 00 00 00 00
00 00 00 00 00 00 00 00 00 00 00 00 00 00 00 00
00 00 00 00 00 00 00 00 00 00 00 00 00 00 00 00
00 00 00 00 00 00 00 00 00 00 00 00 00 00 00 00
00 00 00 00 00 00 00 00 00 00 00 00 00 00 00 00
00 00 00 00 00 00 00 00 00 00 00 00 00 00 00 00
00 00 00 00 00 00 00 00 00 00 00 00 00 00 00 00
00 00 00 00 00 00 2a 00 2a 00 00 2a 2a 2a 00 00
2a 00 2a 2a 2a 00 2a 2a 2a 00 00 15 00 00 3f 00
2a 15 00 2a 3f 2a 00 15 2a 00 3f 2a 2a 15 2a 2a
3f 00 15 00 00 15 2a 00 3f 00 00 3f 2a 2a 15 00
2a 15 2a 2a 3f 00 2a 3f 2a 00 15 15 00 15 3f 00
3f 15 00 3f 3f 2a 15 15 2a 15 3f 2a 3f 15 2a 3f
3f 15 00 00 15 00 2a 15 2a 00 15 2a 2a 3f 00 00
3f 00 2a 3f 2a 00 3f 2a 2a 15 00 15 15 00 3f 15
2a 15 15 2a 3f 3f 00 15 3f 00 3f 3f 2a 15 3f 2a
3f 15 15 00 15 15 2a 15 3f 00 15 3f 2a 3f 15 00
3f 15 2a 3f 3f 00 3f 3f 2a 15 15 15 15 15 3f 15
3f 15 15 3f 3f 3f 15 15 3f 15 3f 3f 3f 15 3f 3f
3f 00 00 00 00 00 00 00 00 00 00 00 00 00 00 00
00 00 00 00 00 00 00 00 00 00 00 00 00 00 00 00
00 00 00 00 00 00 00 00 00 00 00 00 00 00 00 00
00 00 00 00 00 00 00 00 00 00 00 00 00 00 00 00
00 00 00 00 00 00 00 00 00 00 00 00 00 00 00 00
00 00 00 00 00 00 00 00 00 00 00 00 00 00 00 00
00 00 00 00 00 00 00 00 00 00 00 00 00 00 00 00
00 00 00 00 00 00 00 00 00 00 00 00 00 00 00 00
00 00 00 00 00 00 00 00 00 00 00 00 00 00 00 00
00 00 00 00 00 00 00 00 00 00 00 00 00 00 00 00
00 00 00 00 00 00 00 00 00 00 00 00 00 00 00 00
00 00 00 00 00 00 00 00 00 00 00 00 00 00 00 00
00 00 00 00 00 00 00 00 00 00 00 00 00 00 00 00
00 00 00 00 00 00 00 00 00 00 00 00 00 00 00 00
00 00 00 00 00 00 00 00 00 00 00 00 00 00 00 00
00 00 00 00 00 00 00 00 00 00 00 00 00 00 00 00
00 00 00 00 00 00 00 00 00 00 00 00 00 00 00 00
00 00 00 00 00 00 00 00 00 00 00 00 00 00 00 00
00 00 00 00 00 00 00 00 00 00 00 00 00 00 00 00
00 00 00 00 00 00 00 00 00 00 00 00 00 00 00 00
00 00 00 00 00 00 00 00 00 00 00 00 00 00 00 00
00 00 00 00 00 00 00 00 00 00 00 00 00 00 00 00
00 00 00 00 00 00 00 00 00 00 00 00 00 00 00 00
00 00 00 00 00 00 00 00 00 00 00 00 00 00 00 00
00 00 00 00 00 00 00 00 00 00 00 00 00 00 00 00
00 00 00 00 00 00 00 00 00 00 00 00 00 00 00 00
00 00 00 00 00 00 00 00 00 00 00 00 00 00 00 00
00 00 00 00 00 00 00 00 00 00 00 00 00 00 00 00
00 00 00 00 00 00 00 00 00 00 00 00 00 00 00 00
00 00 00 00 00 00 00 00 00 00 00 00 00 00 00 00
00 00 00 00 00 00 00 00 00 00 00 00 00 00 00 00
00 00 00 00 00 00 00 00 00 00 00 00 00 00 00 00
00 00 00 00 00 00 00 00 00 00 00 00 00 00 00 00
00 00 00 00 00 00 00 00 00 00 00 00 00 00 00 00
00 00 00 00 00 00 00 00 00 00 00 00 00 00 00 00
00 00 00 00 00 00 00 00 00 00 00 00 00 00 00 00
00 00 00 00 00 00 00 00 00 00 00 00 00 00 00 00
00 00 00 00 00 00 00 00 00 00 00 00 00 00 00 00
00 00 00 00 00 00 00 00 00 00 00 00 00 00 00 00
00 00 00 00 00 00 00 00 00 00 00 00 00 00 00 00
00 00 00 00 00 00 00 00 00 00 00 00 00 00 00 00
00 00 00 00 00 00 00 00 00 00 00 00 00 00 00 00
00 00 00 00 00 00 00 00 00 00 00 00 00 00 00 00
00 00 00 00 00 00 00 00 00 00 00 00 00 00 00 00
00 00 00 00 00 00 00 00 00 00 00 00 00 00 00 00
00 00 00 00 00 00 00 00 00 00 00 00 00 00 00 00
00 00 00 00 00 00 00 00 00 00 00 00 00 00 00 00
00 00 00 00 00 00 00 00 00 00 00 00 00 00 00 00
00 00 00 00 00 00 00 00 00 00 00 00 00 00 00 00
00 00 00 00 00 00 00 00 00 00 00 00 00 00 00 00
00 00 00 00 00 00 00 00 00 00 00 00 00 00 00 00
00 00 00 00 00 00 00 00 00 00 00 00 00 00 00 00
00 00 00 00 00 00 00 00 00 00 00 00 00 00 00 00
00 00 00 00 00 00 00 00 00 00 00 00 00 00 00 00
00 00 00 00 00 00 00 00 00 00 00 00 00 00 00 00
00 00 00 00 00 00 00 00 00 00 00 00 00 00 00 00
00 00 00 00 00 00 00 00 00 00 00 00 00 00 00 00
00 00 00 00 00 00 00 00 00 00 00 00 00 00 00 00
00 00 00 00 00 00 00 00 00 00 00 00 00 00 00 00
00 00 00 00 00 00 00 00 00 00 00 00 00 00 00 00
00 00 00 00 00 00 00 00 00 00 00 00 00 00 00 00
00 00 00 00 00 00 00 00 00 00 00 00 00 00 00 00
00 00 00 00 00 00 00 00 00 00 00 00 00 00 00 00
00 00 00 00 00 00 00 00 00 00 00 00 00 00 00 00
00 00 00 00 00 00 00 00 00 00 00 00 00 00 00 00
00 00 00 00 00 00 00 00 00 00 00 00 00 00 00 00
00 00 00 00 00 00 00 00 00 00 00 00 00 00 00 00
00 00 00 00 00 00 00 00 00 00 00 00 00 00 00 00
00 00 00 00 00 00 00 00 00 00 00 00 00 00 00 00
00 00 00 00 00 00 00 00 00 00 00 00 00 00 00 00
00 00 00 00 00 00 00 00 00 00 00 00 00 00 00 00
00 00 00 00 00 00 00 00 00 00 00 00 00 00 00 00
00 00 00 00 00 00 00 00 00 00 00 00 00 00 00 00
00 00 00 00 00 00 00 00 00 00 00 00 00 00 00 00
00 00 00 00 00 00 00 00 00 00 00 00 00 00 00 00
00 00 00 00 00 00 00 00 00 00 00 00 00 00 00 00
00 00 00 00 00 00 00 00 00 00 00 00 00 00 00 00
00 00 00 00 00 00 00 00 00 00 00 00 00 00 00 00
00 00 00 00 00 00 00 00 00 00 00 00 00 00 00 00
00 00 00 00 00 00 00 00 00 00 00 00 00 00 00 00
00 00 00 00 00 00 00 00 00 00 00 00 00 00 00 00
00 00 00 00 00 00 00 00 00 00 00 00 00 00 00 00
00 00 00 00 00 00 00 00 00 00 00 00 00 00 00 00
00 00 00 00 00 00 00 00 00 00 00 00 00 00 00 00
00 00 00 00 00 00 00 00 00 00 00 00 00 00 00 00
00 00 00 00 00 00 00 00 00 00 00 00 00 00 00 00
00 00 00 00 00 00 00 00 00 00 00 00 00 00 00 00
00 00 00 00 00 00 00 00 00 00 00 00 00 00 00 00
00 00 00 00 00 00 00 00 00 00 00 00 00 00 00 00
00 00 00 00 00 00 00 00 00 00 00 00 00 00 00 00
00 00 00 00 00 00 00 00 00 00 00 00 00 00 00 00
00 00 00 00 00 00 00 00 00 00 00 00 00 00 00 00
00 00 00 00 00 00 00 00 00 00 00 00 00 00 00 00
00 00 00 00 00 00 00 00 00 00 00 00 00 00 00 00
00 00 00 00 00 00 00 00 00 00 00 00 00 00 00 00
00 00 00 00 00 00 00 00 00 00 00 00 00 00 00 00
00 00 00 00 00 00 00 00 00 00 00 00 00 00 00 00
00 00 00 00 00 00 00 00 00 00 00 00 00 00 00 00
00 00 00 00 00 00 00 00 00 00 00 00 00 00 00 00
00 00 00 00 00 00 00 00 00 00 00 00 00 00 00 00
00 00 00 00 00 00 00 00 00 00 00 00 00 00 00 00
00 00 00 00 00 00 00 00 00 00 00 00 00 00 00 00
00 00 00 00 00 00 00 00 00 00 00 00 00 00 00 00
00 00 00 00 00 00 00 00 00 00 00 00 00 00 00 00
00 00 00 00 00 00 00 00 00 00 00 00 00 00 00 00
00 00 00 00 00 00 00 00 00 00 00 00 00 00 00 00
00 00 00 00 00 00 00 00 00 00 00 00 00 00 00 00
00 00 00 00 00 00 00 00 00 00 00 00 00 00 00 00
00 00 00 00 00 00 00 00 00 00 00 00 00 00 00 00
00 00 00 00 00 00 00 00 00 00 00 00 00 00 00 00
00 00 00 00 00 00 00 00 00 00 00 00 00 00 00 00
00 00 00 00 00 00 00 00 00 00 00 00 00 00 00 00
00 00 00 00 00 00 00 00 00 00 00 00 00 00 00 00
00 00 00 00 00 00 00 00 00 00 00 00 00 00 00 00
00 00 00 00 00 00 00 00 00 00 00 00 00 00 00 00
00 00 00 00 00 00 00 00 00 00 00 00 00 00 00 00
00 00 00 00 00 00 00 00 00 00 00 00 00 00 00 00
00 00 00 00 00 00 00 00 00 00 00 00 00 00 00 00
00 00 00 00 00 00 00 00 00 00 00 00 00 00 00 00
00 00 00 00 00 00 00 00 00 00 00 00 00 00 00 00
00 00 00 00 00 00 00 00 00 00 00 00 00 00 00 00
00 00 00 00 00 00 00 00 00 00 00 00 00 00 00 00
00 00 00 00 00 00 00 00 00 00 00 00 00 00 00 00
00 00 00 00 00 00 00 00 00 00 00 00 00 00 00 00
00 00 00 00 00 00 00 00 00 00 00 00 00 00 00 00
00 00 00 00 00 00 00 00 00 00 00 00 00 00 00 00
00 00 00 00 00 00 00 00 00 00 00 00 00 00 00 00
00 00 00 00 00 00 00 00 00 00 00 00 00 00 00 00
00 00 00 00 00 00 00 00 00 00 00 00 00 00 00 00
00 00 00 00 00 00 00 00 00 00 00 00 00 00 00 00
00 00 00 00 00 00 00 00 00 00 00 00 00 00 00 00
00 00 00 00 00 00 00 00 00 00 00 00 00 00 00 00
00 00 00 00 00 00 a0 14 00 0f 00 16 00 11 00 0a
00 08 00 00 cf b4 1c 10 00 10 00 40 01 f0 00 60
01 10 01 58 00 80 5d 80 05 00 00 00 00 b4 1c 01
00 80 5d 00 a0 14 00 0f 00 16 00 11 00 0a 00 08
00 00 cf b4 1c 10 00 10 00 40 01 f0 00 60 01 10
01 58 00 80 5d 80 05 b4 1c 3a 31 b4 1c 02 a0 00
bb 00 a0 16 00 06 00 16 00 06 00 00 cf b4 1c 00
00 00 00 10 00 10 00 60 01 60 00 60 01 60 00 58
00 00 21 80 05 b4 1c 5e ed 23 02 03 a0 00 dc 00
a0 16 00 06 00 16 00 06 00 00 cf b4 1c 00 00 00
00 10 00 10 00 60 01 60 00 60 01 60 00 58 00 00
21 80 05 b4 1c 5e ed 23 02 ff 02 04 00 00 00 00
a0 50 50 01 01 00 00 00 00 00 00 00 00 00 00 00
00 00 00 00 00 00 00 00 00 00 00 00 00 00 00 00
00 00 00 00 00 00 00 00 00 00 00 00 00 00 00 00
00 00 00 00 00 50 00 a0 00 f0 00 40 01 90 01 e0
01 30 02 80 02 d0 02 20 03 70 03 c0 03 10 04 60
04 b0 04 00 05 50 05 a0 05 f0 05 40 06 90 06 e0
06 30 07 80 07 d0 07 20 08 70 08 c0 08 10 09 60
09 b0 09 00 0a 50 0a a0 0a f0 0a 40 0b 90 0b e0
0b 30 0c 80 0c d0 0c 20 0d 70 0d c0 0d 10 0e 60
0e b0 0e 00 0f 50 0f a0 0f f0 0f 40 10 90 10 e0
10 30 11 80 11 d0 11 20 12 70 12 c0 12 10 13 60
13 b0 13 00 14 50 14 a0 14 f0 14 40 15 90 15 e0
15 30 16 80 16 d0 16 20 17 70 17 c0 17 10 18 60
18 b0 18 00 19 50 19 a0 19 f0 19 40 1a 90 1a e0
1a 30 1b 80 1b d0 1b 20 1c 70 1c c0 1c 10 1d 60
1d b0 1d 00 1e 50 1e a0 1e f0 1e 40 1f 90 1f e0
1f 30 20 80 20 d0 20 20 21 70 21 c0 21 10 22 60
22 b0 22 00 23 50 23 a0 23 f0 23 40 24 90 24 e0
24 30 25 80 25 d0 25 20 26 70 26 c0 26 10 27 60
27 b0 27 00 28 50 28 a0 28 f0 28 40 29 90 29 e0
29 30 2a 80 2a d0 2a 20 2b 70 2b c0 2b 10 2c 60
2c b0 2c 00 2d 50 2d a0 2d f0 2d 40 2e 90 2e e0
2e 30 2f 80 2f d0 2f 20 30 70 30 c0 30 10 31 60
31 b0 31 00 32 50 32 a0 32 f0 32 40 33 90 33 e0
33 30 34 80 34 d0 34 20 35 70 35 c0 35 10 36 60
36 b0 36 00 37 50 37 a0 37 f0 37 40 38 90 38 e0
38 30 39 80 39 d0 39 20 3a 70 3a c0 3a 10 3b 60
3b b0 3b 00 3c 50 3c a0 3c f0 3c 40 3d 90 3d e0
3d 30 3e 80 3e d0 3e 20 3f 70 3f c0 3f 10 40 60
40 b0 40 00 41 50 41 a0 41 f0 41 40 42 90 42 e0
42 30 43 80 43 d0 43 20 44 70 44 c0 44 10 45 60
45 b0 45 00 46 50 46 a0 46 f0 46 40 47 90 47 e0
47 30 48 80 48 d0 48 20 49 70 49 c0 49 10 4a 60
4a b0 4a 50 00 00 00 e0 02 00 00 00 00 00 00 00
00 00 00 00 00 01 00 07 00 00 00 00 00 00 00 00
00 00 00 00 00 00 00 00 00 00 00 00 00 00 00 ff
ff 00 00 00 00 00 00 00 00 00 00 00 00 b7 8f 00
00 00 00 00 00 00 00 00 00 00 00 00 00 00 00 00
00 00 00 00 00 00 00 00 00 00 00 00 00 00 00 00
00 00 00 00 00 00 00 00 00 00 00 00 00 00 00 00
00 00 00 00 00 00 00 00 00 00 00 00 00 00 00 00
00 00 00 00 00 00 00 00 00 00 00 00 00 00 00 00
00 00 00 00 00 00 00 00 00 00 00 00 00 00 00 00
00 00 00 00 00 00 00 00 00 00 00 00 00 00 00 00
00 00 00 00 00 00 00 00 00 00 00 00 00 00 00 00
00 00 00 00 00 00 00 00 00 00 00 00 00 00 00 00
00 00 00 00 00 00 00 00 00 00 00 00 00 00 00 00
00 00 00 00 00 00 00 00 00 00 00 00 00 00 00 00
00 00 00 00 00 00 00 00 00 00 00 00 00 00 00 00
00 00 00 00 00 00 00 00 00 00 00 00 00 00 00 00
00 00 00 00 00 00 00 00 00 00 00 00 00 00 00 00
00 00 00 00 00 00 00 00 00 00 00 00 00 00 00 00
00 00 00 00 00 00 00 00 00 00 00 00 00 00 00 00
00 00 00 00 00 00 00 00 00 00 00 00 00 00 00 00
00 00 00 00 00 00 00 00 00 00 00 00 00 00 00 00
00 00 00 00 00 00 00 00 00 00 00 00 00 00 00 00
00 00 00 00 00 00 00 00 00 00 00 00 00 00 00 00
00 00 00 00 00 00 00 00 00 00 00 00 00 00 00 00
00 00 00 00 00 00 00 00 00 00 00 00 00 00 00 00
00 00 00 00 00 00 00 00 00 00 00 00 00 00 00 00
00 00 00 00 00 00 00 00 00 00 00 00 00 00 00 00
00 00 00 00 00 00 00 00 00 00 00 00 00 00 00 00
00 00 00 00 00 00 00 00 00 00 00 00 00 00 00 00
00 00 00 00 00 00 00 00 00 00 00 00 00 00 00 00
00 00 00 00 00 00 00 00 00 00 00 00 00 00 00 00
00 00 00 00 00 00 00 00 00 00 00 00 00 00 00 00
00 00 00 00 00 00 00 00 00 00 00 00 00 00 00 00
00 00 00 00 00 00 00 00 00 00 00 00 00 00 00 00
00 00 00 00 00 00 00 00 00 00 00 00 00 00 00 00
00 00 00 00 00 00 00 00 00 00 00 00 00 00 00 00
00 00 00 00 00 00 00 00 00 00 00 00 00 00 00 00
00 00 00 00 00 00 00 00 00 00 00 00 00 00 00 00
00 00 00 00 00 00 00 00 00 00 00 00 00 00 00 00
00 00 00 00 00 00 00 00 00 00 00 00 00 00 00 00
00 00 00 00 00 00 00 00 00 00 00 00 00 00 00 00
00 00 00 00 00 00 00 00 00 00 00 00 00 00 00 00
00 00 00 00 00 00 00 00 00 00 00 00 00 00 00 00
00 00 00 00 00 00 00 00 00 00 00 00 00 00 00 00
00 00 00 00 00 00 00 00 00 00 00 00 00 00 00 00
00 00 00 00 00 00 00 00 00 00 00 00 00 00 00 00
00 00 00 00 00 00 00 00 00 00 00 00 00 00 00 00
00 00 00 00 00 00 00 00 00 00 00 00 00 00 00 00
00 00 00 00 00 00 00 00 00 00 00 00 00 00 00 00
00 00 00 00 00 00 00 00 00 00 00 00 00 00 00 00
00 00 00 00 00 00 00 00 00 00 00 00 00 00 00 00
00 00 00 00 00 00 00 00 00 00 00 00 00 00 00 00
00 00 00 00 00 00 00 00 00 00 00 00 00 00 00 00
00 00 00 00 00 00 00 00 00 00 00 00 00 00 00 00
00 00 00 00 00 00 00 00 00 00 00 00 00 00 00 00
00 00 00 00 00 00 00 00 00 00 00 00 00 00 00 00
00 00 00 00 00 00 00 00 00 00 00 00 00 00 00 00
00 00 00 00 00 00 00 00 00 00 00 00 00 00 00 00
00 00 00 00 00 00 00 00 00 00 00 00 00 00 00 00
00 00 00 00 00 00 00 00 00 00 00 00 00 00 00 00
00 00 00 00 00 00 00 00 00 00 00 00 00 00 00 00
00 00 00 00 00 00 00 00 00 00 00 00 00 00 00 00
00 00 00 00 00 00 00 00 00 00 00 00 00 00 00 00
00 00 00 00 00 00 00 00 00 00 00 00 00 00 00 00
00 00 00 00 00 00 00 00 00 00 00 00 00 00 00 00
00 00 00 00 00 00 00 00 00 00 00 00 00 00 00 00
00 00 00 00 00 00 00 00 00 00 00 00 00 00 00 00
00 00 00 00 00 00 00 00 00 00 00 00 00 00 00 00
00 00 00 00 00 00 00 00 00 00 00 00 00 00 00 00
00 00 00 00 00 00 00 00 00 00 00 00 00 00 00 00
00 00 00 00 00 00 00 00 00 00 00 00 00 00 00 00
00 00 00 00 00 00 00 00 00 00 00 00 00 00 00 00
00 00 00 00 00 00 00 00 00 00 00 00 00 00 00 00
00 00 00 00 00 00 00 00 00 00 00 00 00 00 00 00
00 00 00 00 00 00 00 00 00 00 00 00 00 00 00 00
00 00 00 00 00 00 00 00 00 00 00 00 00 00 00 00
00 00 00 00 00 00 00 00 00 00 00 00 00 00 00 00
00 00 00 00 00 00 00 00 00 00 00 00 00 00 00 00
00 00 00 00 00 00 00 00 00 00 00 00 00 00 00 00
00 00 00 00 00 00 00 00 00 00 00 00 00 00 00 00
00 00 00 00 00 00 00 00 00 00 00 00 00 00 00 00
00 00 00 00 00 00 00 00 00 00 00 00 00 00 00 00
00 00 00 00 00 00 00 00 00 00 00 00 00 00 00 00
00 00 00 00 00 00 00 00 00 00 00 00 00 00 00 00
00 00 00 00 00 00 00 00 00 00 00 00 00 00 00 00
00 00 00 00 00 00 00 00 00 00 00 00 00 00 00 00
00 00 00 00 00 00 00 00 00 00 00 00 00 00 00 00
00 00 00 00 00 00 00 00 00 00 00 00 00 00 00 00
00 00 00 00 00 00 00 00 00 00 00 00 00 00 00 00
00 00 00 00 00 00 00 00 00 00 00 00 00 00 00 00
00 00 00 00 00 00 00 00 00 00 00 00 00 00 00 00
00 00 00 00 00 00 00 00 00 00 00 00 00 00 00 00
00 00 00 29 93 01 00 00 00 00 00 00 00 00 00 00
00 b5 03 00 00 00 00 00 00 00 00 01 00 00 00 00
00 00 00 00 00 00 00 00 00 00 00 00 00 00 00 00
00 00 00 00 00 00 00 00 00 00 00 00 00 00 00 00
00 00 00 00 00 00 00 00 00 00 00 00 00 00 00 00
00 00 00 00 00 00 00 00 00 00 00 00 00 00 00 00
00 00 00 00 00 00 00 00 00 00 00 00 00 00 00 00
00 00 00 00 00 00 00 00 00 00 00 00 00 00 00 00
00 00 00 00 00 00 00 00 00 00 00 00 00 00 00 00
00 00 00 00 00 00 00 00 00 00 00 00 00 00 00 00
00 00 00 00 00 00 00 00 00 00 00 00 00 00 00 00
00 00 00 00 00 00 00 00 00 00 00 00 00 00 00 00
00 00 00 00 00 00 00 00 00 00 00 00 00 00 00 00
00 00 00 00 00 00 00 00 00 00 00 00 00 00 00 00
00 00 00 00 00 02 02 02 02 02 02 02 02 02 02 02
02 02 02 02 02 02 02 02 02 02 02 02 02 02 02 02
02 02 02 02 02 02 02 02 02 02 02 02 02 02 02 02
02 02 02 02 02 02 02 02 02 02 02 02 02 02 02 02
02 02 02 02 02 02 02 02 02 02 02 02 02 02 02 02
02 02 02 02 02 02 02 02 02 02 02 02 02 02 02 02
02 02 02 02 02 02 02 02 02 64 00 01 00 40 00 53
0f 4c 3d 02 00 00 e0 00 00 c0 0f 53 0f 00 00 ff
ff 00 00 00 00 ff ff 00 00 00 00 ff ff 00 00 00
00 ff ff 00 00 00 00 01 00 00 08 00 02 00 08 00
00 00 00 ff ff 00 00 00 00 00 00 00 00 00 00 00
00 00 00 ff ff 00 00 00 00 00 00 00 00 00 00 06
00 00 00 3c 00 b9 04 00 00 b3 03 00 00 f1 32 6c
04 00 00 01 02 de 29 01 01 00 00 18 00 b5 2c 96
d2 00 00 00 00 00 00 00 00 00 00 00 00 00 00 00
00 00 00 00 00 00 00 00 00 00 00 00 00 00 00 00
00 00 00 00 00 00 00 00 00 de 29 80 00 00 00 00
00 3a 25 b4 1c 93 2c 24 00 80 00 00 00 00 00 c0
2a b4 1c 76 9f 89 60 80 00 00 00 00 00 00 00 00
00 de 29 00 01 00 00 de 24 b4 1c 1e 25 b4 1c de
2a 00 01 03 00 46 23 b4 1c dc 2a b4 1c b7 2c 00
01 03 00 48 23 b4 1c 48 25 b4 1c b7 2d 00 01 03
00 4a 23 b4 1c 56 25 b4 1c b7 2e 00 01 03 00 4c
23 b4 1c 64 25 b4 1c b7 2f 00 01 03 00 4e 23 b4
1c 72 25 b4 1c b7 30 00 01 03 00 50 23 b4 1c 80
25 b4 1c b7 31 00 01 03 00 52 23 b4 1c 8e 25 b4
1c b7 32 00 01 03 00 54 23 b4 1c 9c 25 b4 1c b7
33 00 01 03 00 56 23 b4 1c aa 25 b4 1c b7 34 00
01 03 00 58 23 b4 1c b8 25 b4 1c b7 35 00 01 03
00 5a 23 b4 1c c6 25 b4 1c b7 36 00 01 03 00 5c
23 b4 1c d4 25 b4 1c b7 37 00 01 03 00 5e 23 b4
1c e2 25 b4 1c b7 38 00 01 03 00 60 23 b4 1c f0
25 b4 1c b7 39 00 01 03 00 62 23 b4 1c fe 25 b4
1c b7 3a 00 01 03 00 64 23 b4 1c 0c 26 b4 1c b7
3b 00 01 03 00 66 23 b4 1c 1a 26 b4 1c b7 3c 00
01 03 00 68 23 b4 1c 28 26 b4 1c b7 3d 00 01 03
00 6a 23 b4 1c 36 26 b4 1c b7 3e 00 01 03 00 6c
23 b4 1c 44 26 b4 1c b7 3f 00 01 03 00 6e 23 b4
1c 52 26 b4 1c b7 40 00 01 03 00 70 23 b4 1c 60
26 b4 1c b7 41 00 01 03 00 72 23 b4 1c 6e 26 b4
1c b7 42 00 01 03 00 74 23 b4 1c 7c 26 b4 1c b7
43 00 01 03 00 76 23 b4 1c 8a 26 b4 1c b7 44 00
01 03 00 78 23 b4 1c 98 26 b4 1c b7 45 00 01 03
00 7a 23 b4 1c a6 26 b4 1c b7 46 00 01 03 00 7c
23 b4 1c b4 26 b4 1c b7 47 00 01 03 00 7e 23 b4
1c c2 26 b4 1c b7 48 00 01 03 00 80 23 b4 1c d0
26 b4 1c b7 49 00 01 03 00 82 23 b4 1c de 26 b4
1c b7 4a 00 01 03 00 84 23 b4 1c ec 26 b4 1c b7
4b 00 01 03 00 86 23 b4 1c fa 26 b4 1c b7 4c 00
01 03 00 88 23 b4 1c 08 27 b4 1c b7 4d 00 01 03
00 8a 23 b4 1c 16 27 b4 1c b7 4e 00 01 03 00 8c
23 b4 1c 24 27 b4 1c b7 4f 00 01 03 00 8e 23 b4
1c 32 27 b4 1c b7 50 00 01 03 00 90 23 b4 1c 40
27 b4 1c b7 51 00 01 03 00 92 23 b4 1c 4e 27 b4
1c b7 52 00 01 03 00 94 23 b4 1c 5c 27 b4 1c b7
53 00 01 03 00 96 23 b4 1c 6a 27 b4 1c b7 54 00
01 03 00 98 23 b4 1c 78 27 b4 1c b7 55 00 01 03
00 9a 23 b4 1c 86 27 b4 1c b7 56 00 01 03 00 9c
23 b4 1c 94 27 b4 1c b7 57 00 01 03 00 9e 23 b4
1c a2 27 b4 1c b7 58 00 01 03 00 a0 23 b4 1c b0
27 b4 1c b7 59 00 01 03 00 a2 23 b4 1c be 27 b4
1c b7 5a 00 01 03 00 a4 23 b4 1c cc 27 b4 1c b7
5b 00 01 03 00 a6 23 b4 1c da 27 b4 1c b7 5c 00
01 03 00 a8 23 b4 1c e8 27 b4 1c b7 5d 00 01 03
00 aa 23 b4 1c f6 27 b4 1c b7 5e 00 01 03 00 ac
23 b4 1c 04 28 b4 1c b7 5f 00 01 03 00 ae 23 b4
1c 12 28 b4 1c b7 60 00 01 03 00 b0 23 b4 1c 20
28 b4 1c b7 61 00 01 03 00 b2 23 b4 1c 2e 28 b4
1c b7 62 00 01 03 00 b4 23 b4 1c 3c 28 b4 1c b7
63 00 01 03 00 b6 23 b4 1c 4a 28 b4 1c b7 64 00
01 03 00 b8 23 b4 1c 58 28 b4 1c b7 65 00 01 03
00 ba 23 b4 1c 66 28 b4 1c b7 66 00 01 03 00 bc
23 b4 1c 74 28 b4 1c b7 67 00 01 03 00 be 23 b4
1c 82 28 b4 1c b7 68 00 01 03 00 c0 23 b4 1c 90
28 b4 1c b7 69 00 01 03 00 c2 23 b4 1c 9e 28 b4
1c b7 6a 00 01 03 00 c4 23 b4 1c ac 28 b4 1c b7
6b 00 01 03 00 c6 23 b4 1c ba 28 b4 1c b7 6c 00
01 03 00 c8 23 b4 1c c8 28 b4 1c b7 6d 00 01 03
00 ca 23 b4 1c d6 28 b4 1c b7 6e 00 01 03 00 cc
23 b4 1c e4 28 b4 1c b7 6f 00 01 03 00 ce 23 b4
1c f2 28 b4 1c b7 70 00 01 03 00 d0 23 b4 1c 00
29 b4 1c b7 71 00 01 03 00 d2 23 b4 1c 0e 29 b4
1c b7 72 00 01 03 00 d4 23 b4 1c 1c 29 b4 1c b7
73 00 01 03 00 d6 23 b4 1c 2a 29 b4 1c b7 74 00
01 03 00 d8 23 b4 1c 38 29 b4 1c b7 75 00 01 03
00 da 23 b4 1c 46 29 b4 1c b7 76 00 01 03 00 dc
23 b4 1c 54 29 b4 1c b7 77 00 01 03 00 de 23 b4
1c 62 29 b4 1c b7 78 00 01 03 00 e0 23 b4 1c 70
29 b4 1c b7 79 00 01 03 00 e2 23 b4 1c 7e 29 b4
1c b7 7a 00 01 03 00 e4 23 b4 1c 8c 29 b4 1c b7
7b 00 01 03 00 e6 23 b4 1c 9a 29 b4 1c b7 7c 00
01 03 00 e8 23 b4 1c a8 29 b4 1c b7 7d 00 01 03
00 ea 23 b4 1c b6 29 b4 1c b7 7e 00 01 03 00 ec
23 b4 1c c4 29 b4 1c b7 7f 00 01 03 00 ee 23 b4
1c d2 29 b4 1c b7 80 00 01 03 00 f0 23 b4 1c e0
29 b4 1c b7 81 00 01 03 00 f2 23 b4 1c ee 29 b4
1c b7 82 00 01 03 00 f4 23 b4 1c fc 29 b4 1c b7
83 00 01 03 00 f6 23 b4 1c 0a 2a b4 1c b7 84 00
01 03 00 f8 23 b4 1c 18 2a b4 1c b7 85 00 01 03
00 fa 23 b4 1c 26 2a b4 1c b7 86 00 01 03 00 fc
23 b4 1c 34 2a b4 1c b7 87 00 01 03 00 fe 23 b4
1c 42 2a b4 1c b7 88 00 01 03 00 00 24 b4 1c 50
2a b4 1c b7 89 00 01 03 00 02 24 b4 1c 5e 2a b4
1c b7 8a 00 01 03 00 04 24 b4 1c 6c 2a b4 1c b7
8b 00 01 03 00 06 24 b4 1c 7a 2a b4 1c b7 8c 00
01 03 00 08 24 b4 1c 88 2a b4 1c b7 8d 00 01 03
00 0a 24 b4 1c 96 2a b4 1c b7 8e 00 01 03 00 0c
24 b4 1c a4 2a b4 1c b7 8f 72 03 00 00 96 1d b4
1c ce 2a b4 1c 29 93 91 01 00 00 2c 23 b4 1c 2c
25 b4 1c 00 00 00 00 00 00 00 00 00 00 ea 2a b4
1c 00 00 00 00 00 00 00 00 00 00 f8 2a b4 1c 00
00 00 00 00 00 00 00 00 00 06 2b b4 1c 00 00 00
00 00 00 00 00 00 00 14 2b b4 1c 00 00 00 00 00
00 00 00 00 00 22 2b b4 1c 00 00 00 00 00 00 00
00 00 00 30 2b b4 1c 00 00 00 00 00 00 00 00 00
00 3e 2b b4 1c 00 00 00 00 00 00 00 00 00 00 4c
2b b4 1c 00 00 00 00 00 00 00 00 00 00 5a 2b b4
1c 00 00 00 00 00 00 00 00 00 00 68 2b b4 1c 00
00 00 00 00 00 00 00 00 00 76 2b b4 1c 00 00 00
00 00 00 00 00 00 00 84 2b b4 1c 00 00 00 00 00
00 00 00 00 00 92 2b b4 1c 00 00 00 00 00 00 00
00 00 00 a0 2b b4 1c 00 00 00 00 00 00 00 00 00
00 ae 2b b4 1c 00 00 00 00 00 00 00 00 00 00 bc
2b b4 1c 00 00 00 00 00 00 00 00 00 00 ca 2b b4
1c 00 00 00 00 00 00 00 00 00 00 d8 2b b4 1c 00
00 00 00 00 00 00 00 00 00 e6 2b b4 1c 00 00 00
00 00 00 00 00 00 00 f4 2b b4 1c 00 00 00 00 00
00 00 00 00 00 02 2c b4 1c 00 00 00 00 00 00 00
00 00 00 10 2c b4 1c 00 00 00 00 00 00 00 00 00
00 1e 2c b4 1c 00 00 00 00 00 00 00 00 00 00 2c
2c b4 1c 00 00 00 00 00 00 00 00 00 00 3a 2c b4
1c 00 00 00 00 00 00 00 00 00 00 48 2c b4 1c 00
00 00 00 00 00 00 00 00 00 56 2c b4 1c 00 00 00
00 00 00 00 00 00 00 64 2c b4 1c 00 00 00 00 00
00 00 00 00 00 72 2c b4 1c 00 00 00 00 00 00 00
00 00 00 80 2c b4 1c 00 00 00 00 00 00 00 00 00
00 8e 2c b4 1c 00 00 00 00 00 00 00 00 00 00 9c
2c b4 1c 00 00 00 00 00 00 00 00 00 00 aa 2c b4
1c 00 00 00 00 00 00 00 00 00 00 b8 2c b4 1c 00
00 00 00 00 00 00 00 00 00 c6 2c b4 1c 00 00 00
00 00 00 00 00 00 00 d4 2c b4 1c 00 00 00 00 00
00 00 00 00 00 e2 2c b4 1c 00 00 00 00 00 00 00
00 00 00 f0 2c b4 1c 00 00 00 00 00 00 00 00 00
00 fe 2c b4 1c 00 00 00 00 00 00 00 00 00 00 0c
2d b4 1c 00 00 00 00 00 00 00 00 00 00 1a 2d b4
1c 00 00 00 00 00 00 00 00 00 00 28 2d b4 1c 00
00 00 00 00 00 00 00 00 00 36 2d b4 1c 00 00 00
00 00 00 00 00 00 00 44 2d b4 1c 00 00 00 00 00
00 00 00 00 00 52 2d b4 1c 00 00 00 00 00 00 00
00 00 00 60 2d b4 1c 00 00 00 00 00 00 00 00 00
00 6e 2d b4 1c 00 00 00 00 00 00 00 00 00 00 7c
2d b4 1c 00 00 00 00 00 00 00 00 00 00 8a 2d b4
1c 00 00 00 00 00 00 00 00 00 00 98 2d b4 1c 00
00 00 00 00 00 00 00 00 00 a6 2d b4 1c 00 00 00
00 00 00 00 00 00 00 b4 2d b4 1c 00 00 00 00 00
00 00 00 00 00 c2 2d b4 1c 00 00 00 00 00 00 00
00 00 00 d0 2d b4 1c 00 00 00 00 00 00 00 00 00
00 de 2d b4 1c 00 00 00 00 00 00 00 00 00 00 ec
2d b4 1c 00 00 00 00 00 00 00 00 00 00 fa 2d b4
1c 00 00 00 00 00 00 00 00 00 00 08 2e b4 1c 00
00 00 00 00 00 00 00 00 00 16 2e b4 1c 00 00 00
00 00 00 00 00 00 00 24 2e b4 1c 00 00 00 00 00
00 00 00 00 00 32 2e b4 1c 00 00 00 00 00 00 00
00 00 00 40 2e b4 1c 00 00 00 00 00 00 00 00 00
00 4e 2e b4 1c 00 00 00 00 00 00 00 00 00 00 5c
2e b4 1c 00 00 00 00 00 00 00 00 00 00 6a 2e b4
1c 00 00 00 00 00 00 00 00 00 00 78 2e b4 1c 00
00 00 00 00 00 00 00 00 00 86 2e b4 1c 00 00 00
00 00 00 00 00 00 00 94 2e b4 1c 00 00 00 00 00
00 00 00 00 00 a2 2e b4 1c 00 00 00 00 00 00 00
00 00 00 b0 2e b4 1c 00 00 00 00 00 00 00 00 00
00 be 2e b4 1c 00 00 00 00 00 00 00 00 00 00 cc
2e b4 1c 00 00 00 00 00 00 00 00 00 00 da 2e b4
1c 00 00 00 00 00 00 00 00 00 00 e8 2e b4 1c 00
00 00 00 00 00 00 00 00 00 f6 2e b4 1c 00 00 00
00 00 00 00 00 00 00 04 2f b4 1c 00 00 00 00 00
00 00 00 00 00 12 2f b4 1c 00 00 00 00 00 00 00
00 00 00 20 2f b4 1c 00 00 00 00 00 00 00 00 00
00 2e 2f b4 1c 00 00 00 00 00 00 00 00 00 00 3c
2f b4 1c 00 00 00 00 00 00 00 00 00 00 4a 2f b4
1c 00 00 00 00 00 00 00 00 00 00 58 2f b4 1c 00
00 00 00 00 00 00 00 00 00 66 2f b4 1c 00 00 00
00 00 00 00 00 00 00 74 2f b4 1c 00 00 00 00 00
00 00 00 00 00 82 2f b4 1c 00 00 00 00 00 00 00
00 00 00 90 2f b4 1c 00 00 00 00 00 00 00 00 00
00 9e 2f b4 1c 00 00 00 00 00 00 00 00 00 00 ac
2f b4 1c 00 00 00 00 00 00 00 00 00 00 ba 2f b4
1c 00 00 00 00 00 00 00 00 00 00 c8 2f b4 1c 00
00 00 00 00 00 00 00 00 00 d6 2f b4 1c 00 00 00
00 00 00 00 00 00 00 e4 2f b4 1c 00 00 00 00 00
00 00 00 00 00 f2 2f b4 1c 00 00 00 00 00 00 00
00 00 00 00 30 b4 1c 00 00 00 00 00 00 00 00 00
00 0e 30 b4 1c 00 00 00 00 00 00 00 00 00 00 1c
30 b4 1c 00 00 00 00 00 00 00 00 00 00 2a 30 b4
1c 00 00 00 00 00 00 00 00 00 00 38 30 b4 1c 00
00 00 00 00 00 00 00 00 00 46 30 b4 1c 00 00 00
00 00 00 00 00 00 00 54 30 b4 1c 00 00 00 00 00
00 00 00 00 00 62 30 b4 1c 00 00 00 00 00 00 00
00 00 00 70 30 b4 1c 00 00 00 00 00 00 00 00 00
00 7e 30 b4 1c 00 00 00 00 00 00 00 00 00 00 8c
30 b4 1c 00 00 00 00 00 00 00 00 00 00 9a 30 b4
1c 00 00 00 00 00 00 00 00 00 00 a8 30 b4 1c 00
00 00 00 00 00 00 00 00 00 b6 30 b4 1c 00 00 00
00 00 00 00 00 00 00 c4 30 b4 1c 00 00 00 00 00
00 00 00 00 00 d2 30 b4 1c 00 00 00 00 00 00 00
00 00 00 e0 30 b4 1c 00 00 00 00 00 00 00 00 00
00 ee 30 b4 1c 00 00 00 00 00 00 00 00 00 00 fc
30 b4 1c 00 00 00 00 00 00 00 00 00 00 0a 31 b4
1c 00 00 00 00 00 00 00 00 00 00 18 31 b4 1c 00
00 00 00 00 00 00 00 00 00 26 31 b4 1c 00 00 00
00 00 00 00 00 00 00 34 31 b4 1c 00 00 00 00 00
00 00 00 00 00 42 31 b4 1c 00 00 00 00 00 00 00
00 00 00 50 31 b4 1c 00 00 00 00 00 00 00 00 00
00 5e 31 b4 1c 00 00 00 00 00 00 00 00 00 00 6c
31 b4 1c 00 00 00 00 00 00 00 00 00 00 7a 31 b4
1c 00 00 00 00 00 00 00 00 00 00 88 31 b4 1c 00
00 00 00 00 00 00 00 00 00 96 31 b4 1c 00 00 00
00 00 00 00 00 00 00 a4 31 b4 1c 00 00 00 00 00
00 00 00 00 00 b2 31 b4 1c 00 00 00 00 00 00 00
00 00 00 c0 31 b4 1c 00 00 00 00 00 00 00 00 00
00 ce 31 b4 1c 00 00 00 00 00 00 00 00 00 00 dc
31 b4 1c 00 00 00 00 00 00 00 00 00 00 ea 31 b4
1c 00 00 00 00 00 00 00 00 00 00 f8 31 b4 1c 00
00 00 00 00 00 00 00 00 00 06 32 b4 1c 00 00 00
00 00 00 00 00 00 00 14 32 b4 1c 00 00 00 00 00
00 00 00 00 00 22 32 b4 1c 00 00 00 00 00 00 00
00 00 00 30 32 b4 1c 00 00 00 00 00 00 00 00 00
00 3e 32 b4 1c 00 00 00 00 00 00 00 00 00 00 4c
32 b4 1c 00 00 00 00 00 00 00 00 00 00 5a 32 b4
1c 00 00 00 00 00 00 00 00 00 00 68 32 b4 1c 00
00 00 00 00 00 00 00 00 00 76 32 b4 1c 00 00 00
00 00 00 00 00 00 00 84 32 b4 1c 00 00 00 00 00
00 00 00 00 00 92 32 b4 1c 00 00 00 00 00 00 00
00 00 00 a0 32 b4 1c 00 00 00 00 00 00 00 00 00
00 ae 32 b4 1c 00 00 00 00 00 00 00 00 00 00 bc
32 b4 1c 00 00 00 00 00 00 00 00 00 00 ca 32 b4
1c 00 00 00 00 00 00 00 00 00 00 d8 32 b4 1c 00
00 00 00 00 00 00 00 00 00 e6 32 b4 1c 00 00 00
00 00 00 00 00 00 00 f4 32 b4 1c 00 00 00 00 00
00 00 00 00 00 02 33 b4 1c 00 00 00 00 00 00 00
00 00 00 10 33 b4 1c 00 00 00 00 00 00 00 00 00
00 1e 33 b4 1c 00 00 00 00 00 00 00 00 00 00 2c
33 b4 1c 00 00 00 00 00 00 00 00 00 00 3a 33 b4
1c 00 00 00 00 00 00 00 00 00 00 48 33 b4 1c 00
00 00 00 00 00 00 00 00 00 56 33 b4 1c 00 00 00
00 00 00 00 00 00 00 64 33 b4 1c 00 00 00 00 00
00 00 00 00 00 72 33 b4 1c 00 00 00 00 00 00 00
00 00 00 80 33 b4 1c 00 00 00 00 00 00 00 00 00
00 8e 33 b4 1c 00 00 00 00 00 00 00 00 00 00 9c
33 b4 1c 00 00 00 00 00 00 00 00 00 00 aa 33 b4
1c 00 00 00 00 00 00 00 00 00 00 b8 33 b4 1c 00
00 00 00 00 00 00 00 00 00 c6 33 b4 1c 00 00 00
00 00 00 00 00 00 00 d4 33 b4 1c 00 00 00 00 00
00 00 00 00 00 e2 33 b4 1c 00 00 00 00 00 00 00
00 00 00 f0 33 b4 1c 00 00 00 00 00 00 00 00 00
00 fe 33 b4 1c 00 00 00 00 00 00 00 00 00 00 0c
34 b4 1c 00 00 00 00 00 00 00 00 00 00 1a 34 b4
1c 00 00 00 00 00 00 00 00 00 00 28 34 b4 1c 00
00 00 00 00 00 00 00 00 00 36 34 b4 1c 00 00 00
00 00 00 00 00 00 00 44 34 b4 1c 00 00 00 00 00
00 00 00 00 00 52 34 b4 1c 00 00 00 00 00 00 00
00 00 00 60 34 b4 1c 00 00 00 00 00 00 00 00 00
00 6e 34 b4 1c 00 00 00 00 00 00 00 00 00 00 7c
34 b4 1c 00 00 00 00 00 00 00 00 00 00 8a 34 b4
1c 00 00 00 00 00 00 00 00 00 00 98 34 b4 1c 00
00 00 00 00 00 00 00 00 00 a6 34 b4 1c 00 00 00
00 00 00 00 00 00 00 b4 34 b4 1c 00 00 00 00 00
00 00 00 00 00 c2 34 b4 1c 00 00 00 00 00 00 00
00 00 00 d0 34 b4 1c 00 00 00 00 00 00 00 00 00
00 de 34 b4 1c 00 00 00 00 00 00 00 00 00 00 ec
34 b4 1c 00 00 00 00 00 00 00 00 00 00 fa 34 b4
1c 00 00 00 00 00 00 00 00 00 00 08 35 b4 1c 00
00 00 00 00 00 00 00 00 00 16 35 b4 1c 00 00 00
00 00 00 00 00 00 00 24 35 b4 1c 00 00 00 00 00
00 00 00 00 00 32 35 b4 1c 00 00 00 00 00 00 00
00 00 00 40 35 b4 1c 00 00 00 00 00 00 00 00 00
00 4e 35 b4 1c 00 00 00 00 00 00 00 00 00 00 5c
35 b4 1c 00 00 00 00 00 00 00 00 00 00 6a 35 b4
1c 00 00 00 00 00 00 00 00 00 00 78 35 b4 1c 00
00 00 00 00 00 00 00 00 00 86 35 b4 1c 00 00 00
00 00 00 00 00 00 00 94 35 b4 1c 00 00 00 00 00
00 00 00 00 00 a2 35 b4 1c 00 00 00 00 00 00 00
00 00 00 b0 35 b4 1c 00 00 00 00 00 00 00 00 00
00 be 35 b4 1c 00 00 00 00 00 00 00 00 00 00 cc
35 b4 1c 00 00 00 00 00 00 00 00 00 00 da 35 b4
1c 00 00 00 00 00 00 00 00 00 00 e8 35 b4 1c 00
00 00 00 00 00 00 00 00 00 f6 35 b4 1c 00 00 00
00 00 00 00 00 00 00 04 36 b4 1c 00 00 00 00 00
00 00 00 00 00 12 36 b4 1c 00 00 00 00 00 00 00
00 00 00 20 36 b4 1c 00 00 00 00 00 00 00 00 00
00 2e 36 b4 1c 00 00 00 00 00 00 00 00 00 00 3c
36 b4 1c 00 00 00 00 00 00 00 00 00 00 4a 36 b4
1c 00 00 00 00 00 00 00 00 00 00 58 36 b4 1c 00
00 00 00 00 00 00 00 00 00 66 36 b4 1c 00 00 00
00 00 00 00 00 00 00 74 36 b4 1c 00 00 00 00 00
00 00 00 00 00 82 36 b4 1c 00 00 00 00 00 00 00
00 00 00 90 36 b4 1c 00 00 00 00 00 00 00 00 00
00 9e 36 b4 1c 00 00 00 00 00 00 00 00 00 00 ac
36 b4 1c 00 00 00 00 00 00 00 00 00 00 ba 36 b4
1c 00 00 00 00 00 00 00 00 00 00 c8 36 b4 1c 00
00 00 00 00 00 00 00 00 00 d6 36 b4 1c 00 00 00
00 00 00 00 00 00 00 e4 36 b4 1c 00 00 00 00 00
00 00 00 00 00 f2 36 b4 1c 00 00 00 00 00 00 00
00 00 00 00 37 b4 1c 00 00 00 00 00 00 00 00 00
00 0e 37 b4 1c 00 00 00 00 00 00 00 00 00 00 1c
37 b4 1c 00 00 00 00 00 00 00 00 00 00 2a 37 b4
1c 00 00 00 00 00 00 00 00 00 00 38 37 b4 1c 00
00 00 00 00 00 00 00 00 00 46 37 b4 1c 00 00 00
00 00 00 00 00 00 00 54 37 b4 1c 00 00 00 00 00
00 00 00 00 00 62 37 b4 1c 00 00 00 00 00 00 00
00 00 00 70 37 b4 1c 00 00 00 00 00 00 00 00 00
00 7e 37 b4 1c 00 00 00 00 00 00 00 00 00 00 8c
37 b4 1c 00 00 00 00 00 00 00 00 00 00 9a 37 b4
1c 00 00 00 00 00 00 00 00 00 00 a8 37 b4 1c 00
00 00 00 00 00 00 00 00 00 b6 37 b4 1c 00 00 00
00 00 00 00 00 00 00 c4 37 b4 1c 00 00 00 00 00
00 00 00 00 00 d2 37 b4 1c 00 00 00 00 00 00 00
00 00 00 e0 37 b4 1c 00 00 00 00 00 00 00 00 00
00 ee 37 b4 1c 00 00 00 00 00 00 00 00 00 00 fc
37 b4 1c 00 00 00 00 00 00 00 00 00 00 0a 38 b4
1c 00 00 00 00 00 00 00 00 00 00 18 38 b4 1c 00
00 00 00 00 00 00 00 00 00 26 38 b4 1c 00 00 00
00 00 00 00 00 00 00 34 38 b4 1c 00 00 00 00 00
00 00 00 00 00 42 38 b4 1c 00 00 00 00 00 00 00
00 00 00 50 38 b4 1c 00 00 00 00 00 00 00 00 00
00 5e 38 b4 1c 00 00 00 00 00 00 00 00 00 00 6c
38 b4 1c 00 00 00 00 00 00 00 00 00 00 7a 38 b4
1c 00 00 00 00 00 00 00 00 00 00 88 38 b4 1c 00
00 00 00 00 00 00 00 00 00 96 38 b4 1c 00 00 00
00 00 00 00 00 00 00 a4 38 b4 1c 00 00 00 00 00
00 00 00 00 00 b2 38 b4 1c 00 00 00 00 00 00 00
00 00 00 c0 38 b4 1c 00 00 00 00 00 00 00 00 00
00 ce 38 b4 1c 00 00 00 00 00 00 00 00 00 00 dc
38 b4 1c 00 00 00 00 00 00 00 00 00 00 ea 38 b4
1c 00 00 00 00 00 00 00 00 00 00 f8 38 b4 1c 00
00 00 00 00 00 00 00 00 00 06 39 b4 1c 00 00 00
00 00 00 00 00 00 00 14 39 b4 1c 00 00 00 00 00
00 00 00 00 00 22 39 b4 1c 00 00 00 00 00 00 00
00 00 00 30 39 b4 1c 00 00 00 00 00 00 00 00 00
00 3e 39 b4 1c 00 00 00 00 00 00 00 00 00 00 4c
39 b4 1c 00 00 00 00 00 00 00 00 00 00 5a 39 b4
1c 00 00 00 00 00 00 00 00 00 00 68 39 b4 1c 00
00 00 00 00 00 00 00 00 00 76 39 b4 1c 00 00 00
00 00 00 00 00 00 00 84 39 b4 1c 00 00 00 00 00
00 00 00 00 00 92 39 b4 1c 00 00 00 00 00 00 00
00 00 00 a0 39 b4 1c 00 00 00 00 00 00 00 00 00
00 ae 39 b4 1c 00 00 00 00 00 00 00 00 00 00 bc
39 b4 1c 00 00 00 00 00 00 00 00 00 00 ca 39 b4
1c 00 00 00 00 00 00 00 00 00 00 d8 39 b4 1c 00
00 00 00 00 00 00 00 00 00 e6 39 b4 1c 00 00 00
00 00 00 00 00 00 00 f4 39 b4 1c 00 00 00 00 00
00 00 00 00 00 02 3a b4 1c 00 00 00 00 00 00 00
00 00 00 10 3a b4 1c 00 00 00 00 00 00 00 00 00
00 1e 3a b4 1c 00 00 00 00 00 00 00 00 00 00 2c
3a b4 1c 00 00 00 00 00 00 00 00 00 00 3a 3a b4
1c 00 00 00 00 00 00 00 00 00 00 48 3a b4 1c 00
00 00 00 00 00 00 00 00 00 56 3a b4 1c 00 00 00
00 00 00 00 00 00 00 64 3a b4 1c 00 00 00 00 00
00 00 00 00 00 72 3a b4 1c 00 00 00 00 00 00 00
00 00 00 80 3a b4 1c 00 00 00 00 00 00 00 00 00
00 8e 3a b4 1c 00 00 00 00 00 00 00 00 00 00 9c
3a b4 1c 00 00 00 00 00 00 00 00 00 00 aa 3a b4
1c 00 00 00 00 00 00 00 00 00 00 b8 3a b4 1c 00
00 00 00 00 00 00 00 00 00 c6 3a b4 1c 00 00 00
00 00 00 00 00 00 00 d4 3a b4 1c 00 00 00 00 00
00 00 00 00 00 e2 3a b4 1c 00 00 00 00 00 00 00
00 00 00 f0 3a b4 1c 00 00 00 00 00 00 00 00 00
00 fe 3a b4 1c 00 00 00 00 00 00 00 00 00 00 0c
3b b4 1c 00 00 00 00 00 00 00 00 00 00 1a 3b b4
1c 00 00 00 00 00 00 00 00 00 00 28 3b b4 1c 00
00 00 00 00 00 00 00 00 00 36 3b b4 1c 00 00 00
00 00 00 00 00 00 00 44 3b b4 1c 00 00 00 00 00
00 00 00 00 00 52 3b b4 1c 00 00 00 00 00 00 00
00 00 00 60 3b b4 1c 00 00 00 00 00 00 00 00 00
00 6e 3b b4 1c 00 00 00 00 00 00 00 00 00 00 7c
3b b4 1c 00 00 00 00 00 00 00 00 00 00 8a 3b b4
1c 00 00 00 00 00 00 00 00 00 00 98 3b b4 1c 00
00 00 00 00 00 00 00 00 00 a6 3b b4 1c 00 00 00
00 00 00 00 00 00 00 b4 3b b4 1c 00 00 00 00 00
00 00 00 00 00 c2 3b b4 1c 00 00 00 00 00 00 00
00 00 00 d0 3b b4 1c 00 00 00 00 00 00 00 00 00
00 de 3b b4 1c 00 00 00 00 00 00 00 00 00 00 ec
3b b4 1c 00 00 00 00 00 00 00 00 00 00 fa 3b b4
1c 00 00 00 00 00 00 00 00 00 00 08 3c b4 1c 00
00 00 00 00 00 00 00 00 00 16 3c b4 1c 00 00 00
00 00 00 00 00 00 00 24 3c b4 1c 00 00 00 00 00
00 00 00 00 00 32 3c b4 1c 00 00 00 00 00 00 00
00 00 00 40 3c b4 1c 00 00 00 00 00 00 00 00 00
00 4e 3c b4 1c 00 00 00 00 00 00 00 00 00 00 5c
3c b4 1c 00 00 00 00 00 00 00 00 00 00 6a 3c b4
1c 00 00 00 00 00 00 00 00 00 00 78 3c b4 1c 00
00 00 00 00 00 00 00 00 00 86 3c b4 1c 00 00 00
00 00 00 00 00 00 00 94 3c b4 1c 00 00 00 00 00
00 00 00 00 00 a2 3c b4 1c 00 00 00 00 00 00 00
00 00 00 b0 3c b4 1c 00 00 00 00 00 00 00 00 00
00 be 3c b4 1c 00 00 00 00 00 00 00 00 00 00 cc
3c b4 1c 00 00 00 00 00 00 00 00 00 00 da 3c b4
1c 00 00 00 00 00 00 00 00 00 00 e8 3c b4 1c 00
00 00 00 00 00 00 00 00 00 f6 3c b4 1c 00 00 00
00 00 00 00 00 00 00 04 3d b4 1c 00 00 00 00 00
00 00 00 00 00 12 3d b4 1c 00 00 00 00 00 00 00
00 00 00 20 3d b4 1c 00 00 00 00 00 00 00 00 00
00 2e 3d b4 1c 00 00 00 00 00 00 00 00 00 00 3c
3d b4 1c 00 00 00 00 00 00 00 00 00 00 4a 3d b4
1c 00 00 00 00 00 00 00 00 00 00 58 3d b4 1c 00
00 00 00 00 00 00 00 00 00 66 3d b4 1c 00 00 00
00 00 00 00 00 00 00 74 3d b4 1c 00 00 00 00 00
00 00 00 00 00 82 3d b4 1c 00 00 00 00 00 00 00
00 00 00 90 3d b4 1c 00 00 00 00 00 00 00 00 00
00 9e 3d b4 1c 00 00 00 00 00 00 00 00 00 00 ac
3d b4 1c 00 00 00 00 00 00 00 00 00 00 ba 3d b4
1c 00 00 00 00 00 00 00 00 00 00 c8 3d b4 1c 00
00 00 00 00 00 00 00 00 00 d6 3d b4 1c 00 00 00
00 00 00 00 00 00 00 e4 3d b4 1c 00 00 00 00 00
00 00 00 00 00 f2 3d b4 1c 00 00 00 00 00 00 00
00 00 00 00 3e b4 1c 00 00 00 00 00 00 00 00 00
00 0e 3e b4 1c 00 00 00 00 00 00 00 00 00 00 1c
3e b4 1c 00 00 00 00 00 00 00 00 00 00 2a 3e b4
1c 00 00 00 00 00 00 00 00 00 00 38 3e b4 1c 00
00 00 00 00 00 00 00 00 00 46 3e b4 1c 00 00 00
00 00 00 00 00 00 00 54 3e b4 1c 00 00 00 00 00
00 00 00 00 00 62 3e b4 1c 00 00 00 00 00 00 00
00 00 00 70 3e b4 1c 00 00 00 00 00 00 00 00 00
00 7e 3e b4 1c 00 00 00 00 00 00 00 00 00 00 8c
3e b4 1c 00 00 00 00 00 00 00 00 00 00 9a 3e b4
1c 00 00 00 00 00 00 00 00 00 00 a8 3e b4 1c 00
00 00 00 00 00 00 00 00 00 b6 3e b4 1c 00 00 00
00 00 00 00 00 00 00 c4 3e b4 1c 00 00 00 00 00
00 00 00 00 00 d2 3e b4 1c 00 00 00 00 00 00 00
00 00 00 e0 3e b4 1c 00 00 00 00 00 00 00 00 00
00 ee 3e b4 1c 00 00 00 00 00 00 00 00 00 00 fc
3e b4 1c 00 00 00 00 00 00 00 00 00 00 0a 3f b4
1c 00 00 00 00 00 00 00 00 00 00 18 3f b4 1c 00
00 00 00 00 00 00 00 00 00 26 3f b4 1c 00 00 00
00 00 00 00 00 00 00 34 3f b4 1c 00 00 00 00 00
00 00 00 00 00 42 3f b4 1c 00 00 00 00 00 00 00
00 00 00 50 3f b4 1c 00 00 00 00 00 00 00 00 00
00 5e 3f b4 1c 00 00 00 00 00 00 00 00 00 00 6c
3f b4 1c 00 00 00 00 00 00 00 00 00 00 7a 3f b4
1c 00 00 00 00 00 00 00 00 00 00 88 3f b4 1c 00
00 00 00 00 00 00 00 00 00 96 3f b4 1c 00 00 00
00 00 00 00 00 00 00 a4 3f b4 1c 00 00 00 00 00
00 00 00 00 00 b2 3f b4 1c 00 00 00 00 00 00 00
00 00 00 c0 3f b4 1c 00 00 00 00 00 00 00 00 00
00 ce 3f b4 1c 00 00 00 00 00 00 00 00 00 00 dc
3f b4 1c 00 00 00 00 00 00 00 00 00 00 ea 3f b4
1c 00 00 00 00 00 00 00 00 00 00 f8 3f b4 1c 00
00 00 00 00 00 00 00 00 00 06 40 b4 1c 00 00 00
00 00 00 00 00 00 00 14 40 b4 1c 00 00 00 00 00
00 00 00 00 00 22 40 b4 1c 00 00 00 00 00 00 00
00 00 00 30 40 b4 1c 00 00 00 00 00 00 00 00 00
00 3e 40 b4 1c 00 00 00 00 00 00 00 00 00 00 4c
40 b4 1c 00 00 00 00 00 00 00 00 00 00 5a 40 b4
1c 00 00 00 00 00 00 00 00 00 00 68 40 b4 1c 00
00 00 00 00 00 00 00 00 00 76 40 b4 1c 00 00 00
00 00 00 00 00 00 00 84 40 b4 1c 00 00 00 00 00
00 00 00 00 00 92 40 b4 1c 00 00 00 00 00 00 00
00 00 00 a0 40 b4 1c 00 00 00 00 00 00 00 00 00
00 ae 40 b4 1c 00 00 00 00 00 00 00 00 00 00 bc
40 b4 1c 00 00 00 00 00 00 00 00 00 00 ca 40 b4
1c 00 00 00 00 00 00 00 00 00 00 d8 40 b4 1c 00
00 00 00 00 00 00 00 00 00 e6 40 b4 1c 00 00 00
00 00 00 00 00 00 00 f4 40 b4 1c 00 00 00 00 00
00 00 00 00 00 02 41 b4 1c 00 00 00 00 00 00 00
00 00 00 10 41 b4 1c 00 00 00 00 00 00 00 00 00
00 1e 41 b4 1c 00 00 00 00 00 00 00 00 00 00 2c
41 b4 1c 00 00 00 00 00 00 00 00 00 00 3a 41 b4
1c 00 00 00 00 00 00 00 00 00 00 48 41 b4 1c 00
00 00 00 00 00 00 00 00 00 56 41 b4 1c 00 00 00
00 00 00 00 00 00 00 64 41 b4 1c 00 00 00 00 00
00 00 00 00 00 72 41 b4 1c 00 00 00 00 00 00 00
00 00 00 80 41 b4 1c 00 00 00 00 00 00 00 00 00
00 8e 41 b4 1c 00 00 00 00 00 00 00 00 00 00 9c
41 b4 1c 00 00 00 00 00 00 00 00 00 00 aa 41 b4
1c 00 00 00 00 00 00 00 00 00 00 b8 41 b4 1c 00
00 00 00 00 00 00 00 00 00 c6 41 b4 1c 00 00 00
00 00 00 00 00 00 00 d4 41 b4 1c 00 00 00 00 00
00 00 00 00 00 e2 41 b4 1c 00 00 00 00 00 00 00
00 00 00 f0 41 b4 1c 00 00 00 00 00 00 00 00 00
00 fe 41 b4 1c 00 00 00 00 00 00 00 00 00 00 0c
42 b4 1c 00 00 00 00 00 00 00 00 00 00 1a 42 b4
1c 00 00 00 00 00 00 00 00 00 00 28 42 b4 1c 00
00 00 00 00 00 00 00 00 00 36 42 b4 1c 00 00 00
00 00 00 00 00 00 00 44 42 b4 1c 00 00 00 00 00
00 00 00 00 00 52 42 b4 1c 00 00 00 00 00 00 00
00 00 00 60 42 b4 1c 00 00 00 00 00 00 00 00 00
00 6e 42 b4 1c 00 00 00 00 00 00 00 00 00 00 7c
42 b4 1c 00 00 00 00 00 00 00 00 00 00 8a 42 b4
1c 00 00 00 00 00 00 00 00 00 00 98 42 b4 1c 00
00 00 00 00 00 00 00 00 00 a6 42 b4 1c 00 00 00
00 00 00 00 00 00 00 b4 42 b4 1c 00 00 00 00 00
00 00 00 00 00 c2 42 b4 1c 00 00 00 00 00 00 00
00 00 00 d0 42 b4 1c 00 00 00 00 00 00 00 00 00
00 de 42 b4 1c 00 00 00 00 00 00 00 00 00 00 ec
42 b4 1c 00 00 00 00 00 00 00 00 00 00 fa 42 b4
1c 00 00 00 00 00 00 00 00 00 00 08 43 b4 1c 00
00 00 00 00 00 00 00 00 00 16 43 b4 1c 00 00 00
00 00 00 00 00 00 00 24 43 b4 1c 00 00 00 00 00
00 00 00 00 00 32 43 b4 1c 00 00 00 00 00 00 00
00 00 00 40 43 b4 1c 00 00 00 00 00 00 00 00 00
00 4e 43 b4 1c 00 00 00 00 00 00 00 00 00 00 5c
43 b4 1c 00 00 00 00 00 00 00 00 00 00 6a 43 b4
1c 00 00 00 00 00 00 00 00 00 00 78 43 b4 1c 00
00 00 00 00 00 00 00 00 00 86 43 b4 1c 00 00 00
00 00 00 00 00 00 00 94 43 b4 1c 00 00 00 00 00
00 00 00 00 00 a2 43 b4 1c 00 00 00 00 00 00 00
00 00 00 b0 43 b4 1c 00 00 00 00 00 00 00 00 00
00 be 43 b4 1c 00 00 00 00 00 00 00 00 00 00 cc
43 b4 1c 00 00 00 00 00 00 00 00 00 00 da 43 b4
1c 00 00 00 00 00 00 00 00 00 00 e8 43 b4 1c 00
00 00 00 00 00 00 00 00 00 f6 43 b4 1c 00 00 00
00 00 00 00 00 00 00 04 44 b4 1c 00 00 00 00 00
00 00 00 00 00 12 44 b4 1c 00 00 00 00 00 00 00
00 00 00 20 44 b4 1c 00 00 00 00 00 00 00 00 00
00 2e 44 b4 1c 00 00 00 00 00 00 00 00 00 00 3c
44 b4 1c 00 00 00 00 00 00 00 00 00 00 4a 44 b4
1c 00 00 00 00 00 00 00 00 00 00 58 44 b4 1c 00
00 00 00 00 00 00 00 00 00 66 44 b4 1c 00 00 00
00 00 00 00 00 00 00 74 44 b4 1c 00 00 00 00 00
00 00 00 00 00 82 44 b4 1c 00 00 00 00 00 00 00
00 00 00 90 44 b4 1c 00 00 00 00 00 00 00 00 00
00 9e 44 b4 1c 00 00 00 00 00 00 00 00 00 00 ac
44 b4 1c 00 00 00 00 00 00 00 00 00 00 ba 44 b4
1c 00 00 00 00 00 00 00 00 00 00 c8 44 b4 1c 00
00 00 00 00 00 00 00 00 00 d6 44 b4 1c 00 00 00
00 00 00 00 00 00 00 e4 44 b4 1c 00 00 00 00 00
00 00 00 00 00 f2 44 b4 1c 00 00 00 00 00 00 00
00 00 00 00 45 b4 1c 00 00 00 00 00 00 00 00 00
00 0e 45 b4 1c 00 00 00 00 00 00 00 00 00 00 1c
45 b4 1c 00 00 00 00 00 00 00 00 00 00 2a 45 b4
1c 00 00 00 00 00 00 00 00 00 00 38 45 b4 1c 00
00 00 00 00 00 00 00 00 00 46 45 b4 1c 00 00 00
00 00 00 00 00 00 00 54 45 b4 1c 00 00 00 00 00
00 00 00 00 00 62 45 b4 1c 00 00 00 00 00 00 00
00 00 00 70 45 b4 1c 00 00 00 00 00 00 00 00 00
00 7e 45 b4 1c 00 00 00 00 00 00 00 00 00 00 8c
45 b4 1c 00 00 00 00 00 00 00 00 00 00 9a 45 b4
1c 00 00 00 00 00 00 00 00 00 00 a8 45 b4 1c 00
00 00 00 00 00 00 00 00 00 b6 45 b4 1c 00 00 00
00 00 00 00 00 00 00 c4 45 b4 1c 00 00 00 00 00
00 00 00 00 00 d2 45 b4 1c 00 00 00 00 00 00 00
00 00 00 e0 45 b4 1c 00 00 00 00 00 00 00 00 00
00 ee 45 b4 1c 00 00 00 00 00 00 00 00 00 00 fc
45 b4 1c 00 00 00 00 00 00 00 00 00 00 0a 46 b4
1c 00 00 00 00 00 00 00 00 00 00 18 46 b4 1c 00
00 00 00 00 00 00 00 00 00 26 46 b4 1c 00 00 00
00 00 00 00 00 00 00 34 46 b4 1c 00 00 00 00 00
00 00 00 00 00 42 46 b4 1c 00 00 00 00 00 00 00
00 00 00 50 46 b4 1c 00 00 00 00 00 00 00 00 00
00 5e 46 b4 1c 00 00 00 00 00 00 00 00 00 00 6c
46 b4 1c 00 00 00 00 00 00 00 00 00 00 7a 46 b4
1c 00 00 00 00 00 00 00 00 00 00 88 46 b4 1c 00
00 00 00 00 00 00 00 00 00 96 46 b4 1c 00 00 00
00 00 00 00 00 00 00 a4 46 b4 1c 00 00 00 00 00
00 00 00 00 00 b2 46 b4 1c 00 00 00 00 00 00 00
00 00 00 c0 46 b4 1c 00 00 00 00 00 00 00 00 00
00 ce 46 b4 1c 00 00 00 00 00 00 00 00 00 00 dc
46 b4 1c 00 00 00 00 00 00 00 00 00 00 ea 46 b4
1c 00 00 00 00 00 00 00 00 00 00 f8 46 b4 1c 00
00 00 00 00 00 00 00 00 00 06 47 b4 1c 00 00 00
00 00 00 00 00 00 00 14 47 b4 1c 00 00 00 00 00
00 00 00 00 00 22 47 b4 1c 00 00 00 00 00 00 00
00 00 00 30 47 b4 1c 00 00 00 00 00 00 00 00 00
00 3e 47 b4 1c 00 00 00 00 00 00 00 00 00 00 4c
47 b4 1c 00 00 00 00 00 00 00 00 00 00 5a 47 b4
1c 00 00 00 00 00 00 00 00 00 00 68 47 b4 1c 00
00 00 00 00 00 00 00 00 00 76 47 b4 1c 00 00 00
00 00 00 00 00 00 00 84 47 b4 1c 00 00 00 00 00
00 00 00 00 00 92 47 b4 1c 00 00 00 00 00 00 00
00 00 00 a0 47 b4 1c 00 00 00 00 00 00 00 00 00
00 ae 47 b4 1c 00 00 00 00 00 00 00 00 00 00 bc
47 b4 1c 00 00 00 00 00 00 00 00 00 00 ca 47 b4
1c 00 00 00 00 00 00 00 00 00 00 d8 47 b4 1c 00
00 00 00 00 00 00 00 00 00 e6 47 b4 1c 00 00 00
00 00 00 00 00 00 00 f4 47 b4 1c 00 00 00 00 00
00 00 00 00 00 02 48 b4 1c 00 00 00 00 00 00 00
00 00 00 10 48 b4 1c 00 00 00 00 00 00 00 00 00
00 1e 48 b4 1c 00 00 00 00 00 00 00 00 00 00 2c
48 b4 1c 00 00 00 00 00 00 00 00 00 00 3a 48 b4
1c 00 00 00 00 00 00 00 00 00 00 48 48 b4 1c 00
00 00 00 00 00 00 00 00 00 56 48 b4 1c 00 00 00
00 00 00 00 00 00 00 64 48 b4 1c 00 00 00 00 00
00 00 00 00 00 72 48 b4 1c 00 00 00 00 00 00 00
00 00 00 80 48 b4 1c 00 00 00 00 00 00 00 00 00
00 8e 48 b4 1c 00 00 00 00 00 00 00 00 00 00 9c
48 b4 1c 00 00 00 00 00 00 00 00 00 00 aa 48 b4
1c 00 00 00 00 00 00 00 00 00 00 b8 48 b4 1c 00
00 00 00 00 00 00 00 00 00 c6 48 b4 1c 00 00 00
00 00 00 00 00 00 00 d4 48 b4 1c 00 00 00 00 00
00 00 00 00 00 e2 48 b4 1c 00 00 00 00 00 00 00
00 00 00 f0 48 b4 1c 00 00 00 00 00 00 00 00 00
00 fe 48 b4 1c 00 00 00 00 00 00 00 00 00 00 0c
49 b4 1c 00 00 00 00 00 00 00 00 00 00 1a 49 b4
1c 00 00 00 00 00 00 00 00 00 00 28 49 b4 1c 00
00 00 00 00 00 00 00 00 00 36 49 b4 1c 00 00 00
00 00 00 00 00 00 00 44 49 b4 1c 00 00 00 00 00
00 00 00 00 00 52 49 b4 1c 00 00 00 00 00 00 00
00 00 00 60 49 b4 1c 00 00 00 00 00 00 00 00 00
00 6e 49 b4 1c 00 00 00 00 00 00 00 00 00 00 7c
49 b4 1c 00 00 00 00 00 00 00 00 00 00 8a 49 b4
1c 00 00 00 00 00 00 00 00 00 00 98 49 b4 1c 00
00 00 00 00 00 00 00 00 00 a6 49 b4 1c 00 00 00
00 00 00 00 00 00 00 b4 49 b4 1c 00 00 00 00 00
00 00 00 00 00 c2 49 b4 1c 00 00 00 00 00 00 00
00 00 00 d0 49 b4 1c 00 00 00 00 00 00 00 00 00
00 de 49 b4 1c 00 00 00 00 00 00 00 00 00 00 ec
49 b4 1c 00 00 00 00 00 00 00 00 00 00 fa 49 b4
1c 00 00 00 00 00 00 00 00 00 00 08 4a b4 1c 00
00 00 00 00 00 00 00 00 00 16 4a b4 1c 00 00 00
00 00 00 00 00 00 00 24 4a b4 1c 00 00 00 00 00
00 00 00 00 00 32 4a b4 1c 00 00 00 00 00 00 00
00 00 00 40 4a b4 1c 00 00 00 00 00 00 00 00 00
00 4e 4a b4 1c 00 00 00 00 00 00 00 00 00 00 5c
4a b4 1c 00 00 00 00 00 00 00 00 00 00 6a 4a b4
1c 00 00 00 00 00 00 00 00 00 00 78 4a b4 1c 00
00 00 00 00 00 00 00 00 00 86 4a b4 1c 00 00 00
00 00 00 00 00 00 00 94 4a b4 1c 00 00 00 00 00
00 00 00 00 00 a2 4a b4 1c 00 00 00 00 00 00 00
00 00 00 b0 4a b4 1c 00 00 00 00 00 00 00 00 00
00 be 4a b4 1c 00 00 00 00 00 00 00 00 00 00 cc
4a b4 1c 00 00 00 00 00 00 00 00 00 00 da 4a b4
1c 00 00 00 00 00 00 00 00 00 00 e8 4a b4 1c 00
00 00 00 00 00 00 00 00 00 f6 4a b4 1c 00 00 00
00 00 00 00 00 00 00 04 4b b4 1c 00 00 00 00 00
00 00 00 00 00 12 4b b4 1c 00 00 00 00 00 00 00
00 00 00 20 4b b4 1c 00 00 00 00 00 00 00 00 00
00 2e 4b b4 1c 00 00 00 00 00 00 00 00 00 00 3c
4b b4 1c 00 00 00 00 00 00 00 00 00 00 4a 4b b4
1c 00 00 00 00 00 00 00 00 00 00 58 4b b4 1c 00
00 00 00 00 00 00 00 00 00 66 4b b4 1c 00 00 00
00 00 00 00 00 00 00 74 4b b4 1c 00 00 00 00 00
00 00 00 00 00 82 4b b4 1c 00 00 00 00 00 00 00
00 00 00 90 4b b4 1c 00 00 00 00 00 00 00 00 00
00 9e 4b b4 1c 00 00 00 00 00 00 00 00 00 00 ac
4b b4 1c 00 00 00 00 00 00 00 00 00 00 ba 4b b4
1c 00 00 00 00 00 00 00 00 00 00 c8 4b b4 1c 00
00 00 00 00 00 00 00 00 00 d6 4b b4 1c 00 00 00
00 00 00 00 00 00 00 e4 4b b4 1c 00 00 00 00 00
00 00 00 00 00 f2 4b b4 1c 00 00 00 00 00 00 00
00 00 00 00 4c b4 1c 00 00 00 00 00 00 00 00 00
00 0e 4c b4 1c 00 00 00 00 00 00 00 00 00 00 1c
4c b4 1c 00 00 00 00 00 00 00 00 00 00 2a 4c b4
1c 00 00 00 00 00 00 00 00 00 00 38 4c b4 1c 00
00 00 00 00 00 00 00 00 00 46 4c b4 1c 00 00 00
00 00 00 00 00 00 00 54 4c b4 1c 00 00 00 00 00
00 00 00 00 00 62 4c b4 1c 00 00 00 00 00 00 00
00 00 00 70 4c b4 1c 00 00 00 00 00 00 00 00 00
00 7e 4c b4 1c 00 00 00 00 00 00 00 00 00 00 8c
4c b4 1c 00 00 00 00 00 00 00 00 00 00 9a 4c b4
1c 00 00 00 00 00 00 00 00 00 00 a8 4c b4 1c 00
00 00 00 00 00 00 00 00 00 b6 4c b4 1c 00 00 00
00 00 00 00 00 00 00 c4 4c b4 1c 00 00 00 00 00
00 00 00 00 00 d2 4c b4 1c 00 00 00 00 00 00 00
00 00 00 e0 4c b4 1c 00 00 00 00 00 00 00 00 00
00 ee 4c b4 1c 00 00 00 00 00 00 00 00 00 00 fc
4c b4 1c 00 00 00 00 00 00 00 00 00 00 0a 4d b4
1c 00 00 00 00 00 00 00 00 00 00 18 4d b4 1c 00
00 00 00 00 00 00 00 00 00 26 4d b4 1c 00 00 00
00 00 00 00 00 00 00 34 4d b4 1c 00 00 00 00 00
00 00 00 00 00 42 4d b4 1c 00 00 00 00 00 00 00
00 00 00 50 4d b4 1c 00 00 00 00 00 00 00 00 00
00 5e 4d b4 1c 00 00 00 00 00 00 00 00 00 00 6c
4d b4 1c 00 00 00 00 00 00 00 00 00 00 7a 4d b4
1c 00 00 00 00 00 00 00 00 00 00 88 4d b4 1c 00
00 00 00 00 00 00 00 00 00 96 4d b4 1c 00 00 00
00 00 00 00 00 00 00 a4 4d b4 1c 00 00 00 00 00
00 00 00 00 00 b2 4d b4 1c 00 00 00 00 00 00 00
00 00 00 c0 4d b4 1c 00 00 00 00 00 00 00 00 00
00 ce 4d b4 1c 00 00 00 00 00 00 00 00 00 00 dc
4d b4 1c 00 00 00 00 00 00 00 00 00 00 ea 4d b4
1c 00 00 00 00 00 00 00 00 00 00 f8 4d b4 1c 00
00 00 00 00 00 00 00 00 00 06 4e b4 1c 00 00 00
00 00 00 00 00 00 00 14 4e b4 1c 00 00 00 00 00
00 00 00 00 00 22 4e b4 1c 00 00 00 00 00 00 00
00 00 00 30 4e b4 1c 00 00 00 00 00 00 00 00 00
00 3e 4e b4 1c 00 00 00 00 00 00 00 00 00 00 4c
4e b4 1c 00 00 00 00 00 00 00 00 00 00 5a 4e b4
1c 00 00 00 00 00 00 00 00 00 00 68 4e b4 1c 00
00 00 00 00 00 00 00 00 00 76 4e b4 1c 00 00 00
00 00 00 00 00 00 00 84 4e b4 1c 00 00 00 00 00
00 00 00 00 00 92 4e b4 1c 00 00 00 00 00 00 00
00 00 00 a0 4e b4 1c 00 00 00 00 00 00 00 00 00
00 ae 4e b4 1c 00 00 00 00 00 00 00 00 00 00 bc
4e b4 1c 00 00 00 00 00 00 00 00 00 00 ca 4e b4
1c 00 00 00 00 00 00 00 00 00 00 d8 4e b4 1c 00
00 00 00 00 00 00 00 00 00 e6 4e b4 1c 00 00 00
00 00 00 00 00 00 00 f4 4e b4 1c 00 00 00 00 00
00 00 00 00 00 02 4f b4 1c 00 00 00 00 00 00 00
00 00 00 10 4f b4 1c 00 00 00 00 00 00 00 00 00
00 1e 4f b4 1c 00 00 00 00 00 00 00 00 00 00 2c
4f b4 1c 00 00 00 00 00 00 00 00 00 00 3a 4f b4
1c 00 00 00 00 00 00 00 00 00 00 48 4f b4 1c 00
00 00 00 00 00 00 00 00 00 56 4f b4 1c 00 00 00
00 00 00 00 00 00 00 64 4f b4 1c 00 00 00 00 00
00 00 00 00 00 72 4f b4 1c 00 00 00 00 00 00 00
00 00 00 80 4f b4 1c 00 00 00 00 00 00 00 00 00
00 8e 4f b4 1c 00 00 00 00 00 00 00 00 00 00 9c
4f b4 1c 00 00 00 00 00 00 00 00 00 00 aa 4f b4
1c 00 00 00 00 00 00 00 00 00 00 b8 4f b4 1c 00
00 00 00 00 00 00 00 00 00 c6 4f b4 1c 00 00 00
00 00 00 00 00 00 00 d4 4f b4 1c 00 00 00 00 00
00 00 00 00 00 e2 4f b4 1c 00 00 00 00 00 00 00
00 00 00 f0 4f b4 1c 00 00 00 00 00 00 00 00 00
00 fe 4f b4 1c 00 00 00 00 00 00 00 00 00 00 0c
50 b4 1c 00 00 00 00 00 00 00 00 00 00 1a 50 b4
1c 00 00 00 00 00 00 00 00 00 00 28 50 b4 1c 00
00 00 00 00 00 00 00 00 00 36 50 b4 1c 00 00 00
00 00 00 00 00 00 00 44 50 b4 1c 00 00 00 00 00
00 00 00 00 00 52 50 b4 1c 00 00 00 00 00 00 00
00 00 00 60 50 b4 1c 00 00 00 00 00 00 00 00 00
00 6e 50 b4 1c 00 00 00 00 00 00 00 00 00 00 7c
50 b4 1c 00 00 00 00 00 00 00 00 00 00 8a 50 b4
1c 00 00 00 00 00 00 00 00 00 00 98 50 b4 1c 00
00 00 00 00 00 00 00 00 00 a6 50 b4 1c 00 00 00
00 00 00 00 00 00 00 b4 50 b4 1c 00 00 00 00 00
00 00 00 00 00 c2 50 b4 1c 00 00 00 00 00 00 00
00 00 00 d0 50 b4 1c 00 00 00 00 00 00 00 00 00
00 de 50 b4 1c 00 00 00 00 00 00 00 00 00 00 ec
50 b4 1c 00 00 00 00 00 00 00 00 00 00 fa 50 b4
1c 00 00 00 00 00 00 00 00 00 00 08 51 b4 1c 00
00 00 00 00 00 00 00 00 00 16 51 b4 1c 00 00 00
00 00 00 00 00 00 00 24 51 b4 1c 00 00 00 00 00
00 00 00 00 00 32 51 b4 1c 00 00 00 00 00 00 00
00 00 00 40 51 b4 1c 00 00 00 00 00 00 00 00 00
00 4e 51 b4 1c 00 00 00 00 00 00 00 00 00 00 5c
51 b4 1c 00 00 00 00 00 00 00 00 00 00 6a 51 b4
1c 00 00 00 00 00 00 00 00 00 00 78 51 b4 1c 00
00 00 00 00 00 00 00 00 00 86 51 b4 1c 00 00 00
00 00 00 00 00 00 00 94 51 b4 1c 00 00 00 00 00
00 00 00 00 00 a2 51 b4 1c 00 00 00 00 00 00 00
00 00 00 b0 51 b4 1c 00 00 00 00 00 00 00 00 00
00 be 51 b4 1c 00 00 00 00 00 00 00 00 00 00 cc
51 b4 1c 00 00 00 00 00 00 00 00 00 00 da 51 b4
1c 00 00 00 00 00 00 00 00 00 00 e8 51 b4 1c 00
00 00 00 00 00 00 00 00 00 f6 51 b4 1c 00 00 00
00 00 00 00 00 00 00 04 52 b4 1c 00 00 00 00 00
00 00 00 00 00 12 52 b4 1c 00 00 00 00 00 00 00
00 00 00 20 52 b4 1c 00 00 00 00 00 00 00 00 00
00 2e 52 b4 1c 00 00 00 00 00 00 00 00 00 00 3c
52 b4 1c 00 00 00 00 00 00 00 00 00 00 4a 52 b4
1c 00 00 00 00 00 00 00 00 00 00 58 52 b4 1c 00
00 00 00 00 00 00 00 00 00 66 52 b4 1c 00 00 00
00 00 00 00 00 00 00 74 52 b4 1c 00 00 00 00 00
00 00 00 00 00 82 52 b4 1c 00 00 00 00 00 00 00
00 00 00 90 52 b4 1c 00 00 00 00 00 00 00 00 00
00 9e 52 b4 1c 00 00 00 00 00 00 00 00 00 00 ac
52 b4 1c 00 00 00 00 00 00 00 00 00 00 ba 52 b4
1c 00 00 00 00 00 00 00 00 00 00 c8 52 b4 1c 00
00 00 00 00 00 00 00 00 00 d6 52 b4 1c 00 00 00
00 00 00 00 00 00 00 e4 52 b4 1c 00 00 00 00 00
00 00 00 00 00 f2 52 b4 1c 00 00 00 00 00 00 00
00 00 00 00 53 b4 1c 00 00 00 00 00 00 00 00 00
00 0e 53 b4 1c 00 00 00 00 00 00 00 00 00 00 1c
53 b4 1c 00 00 00 00 00 00 00 00 00 00 2a 53 b4
1c 00 00 00 00 00 00 00 00 00 00 38 53 b4 1c 00
00 00 00 00 00 00 00 00 00 46 53 b4 1c 00 00 00
00 00 00 00 00 00 00 54 53 b4 1c 00 00 00 00 00
00 00 00 00 00 62 53 b4 1c 00 00 00 00 00 00 00
00 00 00 70 53 b4 1c 00 00 00 00 00 00 00 00 00
00 7e 53 b4 1c 00 00 00 00 00 00 00 00 00 00 8c
53 b4 1c 00 00 00 00 00 00 00 00 00 00 9a 53 b4
1c 00 00 00 00 00 00 00 00 00 00 a8 53 b4 1c 00
00 00 00 00 00 00 00 00 00 b6 53 b4 1c 00 00 00
00 00 00 00 00 00 00 c4 53 b4 1c 00 00 00 00 00
00 00 00 00 00 d2 53 b4 1c 00 00 00 00 00 00 00
00 00 00 e0 53 b4 1c 00 00 00 00 00 00 00 00 00
00 ee 53 b4 1c 00 00 00 00 00 00 00 00 00 00 fc
53 b4 1c 00 00 00 00 00 00 00 00 00 00 0a 54 b4
1c 00 00 00 00 00 00 00 00 00 00 18 54 b4 1c 00
00 00 00 00 00 00 00 00 00 26 54 b4 1c 00 00 00
00 00 00 00 00 00 00 34 54 b4 1c 00 00 00 00 00
00 00 00 00 00 42 54 b4 1c 00 00 00 00 00 00 00
00 00 00 50 54 b4 1c 00 00 00 00 00 00 00 00 00
00 5e 54 b4 1c 00 00 00 00 00 00 00 00 00 00 6c
54 b4 1c 00 00 00 00 00 00 00 00 00 00 7a 54 b4
1c 00 00 00 00 00 00 00 00 00 00 88 54 b4 1c 00
00 00 00 00 00 00 00 00 00 96 54 b4 1c 00 00 00
00 00 00 00 00 00 00 a4 54 b4 1c 00 00 00 00 00
00 00 00 00 00 b2 54 b4 1c 00 00 00 00 00 00 00
00 00 00 c0 54 b4 1c 00 00 00 00 00 00 00 00 00
00 ce 54 b4 1c 00 00 00 00 00 00 00 00 00 00 dc
54 b4 1c 00 00 00 00 00 00 00 00 00 00 ea 54 b4
1c 00 00 00 00 00 00 00 00 00 00 f8 54 b4 1c 00
00 00 00 00 00 00 00 00 00 06 55 b4 1c 00 00 00
00 00 00 00 00 00 00 14 55 b4 1c 00 00 00 00 00
00 00 00 00 00 22 55 b4 1c 00 00 00 00 00 00 00
00 00 00 30 55 b4 1c 00 00 00 00 00 00 00 00 00
00 3e 55 b4 1c 00 00 00 00 00 00 00 00 00 00 4c
55 b4 1c 00 00 00 00 00 00 00 00 00 00 5a 55 b4
1c 00 00 00 00 00 00 00 00 00 00 68 55 b4 1c 00
00 00 00 00 00 00 00 00 00 76 55 b4 1c 00 00 00
00 00 00 00 00 00 00 84 55 b4 1c 00 00 00 00 00
00 00 00 00 00 92 55 b4 1c 00 00 00 00 00 00 00
00 00 00 a0 55 b4 1c 00 00 00 00 00 00 00 00 00
00 ae 55 b4 1c 00 00 00 00 00 00 00 00 00 00 bc
55 b4 1c 00 00 00 00 00 00 00 00 00 00 ca 55 b4
1c 00 00 00 00 00 00 00 00 00 00 d8 55 b4 1c 00
00 00 00 00 00 00 00 00 00 e6 55 b4 1c 00 00 00
00 00 00 00 00 00 00 f4 55 b4 1c 00 00 00 00 00
00 00 00 00 00 02 56 b4 1c 00 00 00 00 00 00 00
00 00 00 10 56 b4 1c 00 00 00 00 00 00 00 00 00
00 1e 56 b4 1c 00 00 00 00 00 00 00 00 00 00 2c
56 b4 1c 00 00 00 00 00 00 00 00 00 00 3a 56 b4
1c 00 00 00 00 00 00 00 00 00 00 48 56 b4 1c 00
00 00 00 00 00 00 00 00 00 56 56 b4 1c 00 00 00
00 00 00 00 00 00 00 64 56 b4 1c 00 00 00 00 00
00 00 00 00 00 72 56 b4 1c 00 00 00 00 00 00 00
00 00 00 80 56 b4 1c 00 00 00 00 00 00 00 00 00
00 8e 56 b4 1c 00 00 00 00 00 00 00 00 00 00 9c
56 b4 1c 00 00 00 00 00 00 00 00 00 00 aa 56 b4
1c 00 00 00 00 00 00 00 00 00 00 b8 56 b4 1c 00
00 00 00 00 00 00 00 00 00 c6 56 b4 1c 00 00 00
00 00 00 00 00 00 00 d4 56 b4 1c 00 00 00 00 00
00 00 00 00 00 e2 56 b4 1c 00 00 00 00 00 00 00
00 00 00 f0 56 b4 1c 00 00 00 00 00 00 00 00 00
00 fe 56 b4 1c 00 00 00 00 00 00 00 00 00 00 0c
57 b4 1c 00 00 00 00 00 00 00 00 00 00 1a 57 b4
1c 00 00 00 00 00 00 00 00 00 00 28 57 b4 1c 00
00 00 00 00 00 00 00 00 00 36 57 b4 1c 00 00 00
00 00 00 00 00 00 00 44 57 b4 1c 00 00 00 00 00
00 00 00 00 00 52 57 b4 1c 00 00 00 00 00 00 00
00 00 00 60 57 b4 1c 00 00 00 00 00 00 00 00 00
00 6e 57 b4 1c 00 00 00 00 00 00 00 00 00 00 7c
57 b4 1c 00 00 00 00 00 00 00 00 00 00 8a 57 b4
1c 00 00 00 00 00 00 00 00 00 00 98 57 b4 1c 00
00 00 00 00 00 00 00 00 00 a6 57 b4 1c 00 00 00
00 00 00 00 00 00 00 b4 57 b4 1c 00 00 00 00 00
00 00 00 00 00 c2 57 b4 1c 00 00 00 00 00 00 00
00 00 00 d0 57 b4 1c 00 00 00 00 00 00 00 00 00
00 de 57 b4 1c 00 00 00 00 00 00 00 00 00 00 ec
57 b4 1c 00 00 00 00 00 00 00 00 00 00 fa 57 b4
1c 00 00 00 00 00 00 00 00 00 00 08 58 b4 1c 00
00 00 00 00 00 00 00 00 00 16 58 b4 1c 00 00 00
00 00 00 00 00 00 00 24 58 b4 1c 00 00 00 00 00
00 00 00 00 00 32 58 b4 1c 00 00 00 00 00 00 00
00 00 00 40 58 b4 1c 00 00 00 00 00 00 00 00 00
00 4e 58 b4 1c 00 00 00 00 00 00 00 00 00 00 5c
58 b4 1c 00 00 00 00 00 00 00 00 00 00 6a 58 b4
1c 00 00 00 00 00 00 00 00 00 00 78 58 b4 1c 00
00 00 00 00 00 00 00 00 00 86 58 b4 1c 00 00 00
00 00 00 00 00 00 00 94 58 b4 1c 00 00 00 00 00
00 00 00 00 00 a2 58 b4 1c 00 00 00 00 00 00 00
00 00 00 b0 58 b4 1c 00 00 00 00 00 00 00 00 00
00 be 58 b4 1c 00 00 00 00 00 00 00 00 00 00 cc
58 b4 1c 00 00 00 00 00 00 00 00 00 00 da 58 b4
1c 00 00 00 00 00 00 00 00 00 00 e8 58 b4 1c 00
00 00 00 00 00 00 00 00 00 f6 58 b4 1c 00 00 00
00 00 00 00 00 00 00 04 59 b4 1c 00 00 00 00 00
00 00 00 00 00 12 59 b4 1c 00 00 00 00 00 00 00
00 00 00 20 59 b4 1c 00 00 00 00 00 00 00 00 00
00 2e 59 b4 1c 00 00 00 00 00 00 00 00 00 00 3c
59 b4 1c 00 00 00 00 00 00 00 00 00 00 4a 59 b4
1c 00 00 00 00 00 00 00 00 00 00 58 59 b4 1c 00
00 00 00 00 00 00 00 00 00 66 59 b4 1c 00 00 00
00 00 00 00 00 00 00 74 59 b4 1c 00 00 00 00 00
00 00 00 00 00 82 59 b4 1c 00 00 00 00 00 00 00
00 00 00 90 59 b4 1c 00 00 00 00 00 00 00 00 00
00 9e 59 b4 1c 00 00 00 00 00 00 00 00 00 00 ac
59 b4 1c 00 00 00 00 00 00 00 00 00 00 ba 59 b4
1c 00 00 00 00 00 00 00 00 00 00 c8 59 b4 1c 00
00 00 00 00 00 00 00 00 00 d6 59 b4 1c 00 00 00
00 00 00 00 00 00 00 e4 59 b4 1c 00 00 00 00 00
00 00 00 00 00 f2 59 b4 1c 00 00 00 00 00 00 00
00 00 00 00 5a b4 1c 00 00 00 00 00 00 00 00 00
00 0e 5a b4 1c 00 00 00 00 00 00 00 00 00 00 1c
5a b4 1c 00 00 00 00 00 00 00 00 00 00 2a 5a b4
1c 00 00 00 00 00 00 00 00 00 00 38 5a b4 1c 00
00 00 00 00 00 00 00 00 00 46 5a b4 1c 00 00 00
00 00 00 00 00 00 00 54 5a b4 1c 00 00 00 00 00
00 00 00 00 00 62 5a b4 1c 00 00 00 00 00 00 00
00 00 00 70 5a b4 1c 00 00 00 00 00 00 00 00 00
00 7e 5a b4 1c 00 00 00 00 00 00 00 00 00 00 8c
5a b4 1c 00 00 00 00 00 00 00 00 00 00 9a 5a b4
1c 00 00 00 00 00 00 00 00 00 00 a8 5a b4 1c 00
00 00 00 00 00 00 00 00 00 b6 5a b4 1c 00 00 00
00 00 00 00 00 00 00 c4 5a b4 1c 00 00 00 00 00
00 00 00 00 00 d2 5a b4 1c 00 00 00 00 00 00 00
00 00 00 e0 5a b4 1c 00 00 00 00 00 00 00 00 00
00 ee 5a b4 1c 00 00 00 00 00 00 00 00 00 00 fc
5a b4 1c 00 00 00 00 00 00 00 00 00 00 0a 5b b4
1c 00 00 00 00 00 00 00 00 00 00 18 5b b4 1c 00
00 00 00 00 00 00 00 00 00 26 5b b4 1c 00 00 00
00 00 00 00 00 00 00 34 5b b4 1c 00 00 00 00 00
00 00 00 00 00 42 5b b4 1c 00 00 00 00 00 00 00
00 00 00 50 5b b4 1c 00 00 00 00 00 00 00 00 00
00 5e 5b b4 1c 00 00 00 00 00 00 00 00 00 00 6c
5b b4 1c 00 00 00 00 00 00 00 00 00 00 7a 5b b4
1c 00 00 00 00 00 00 00 00 00 00 88 5b b4 1c 00
00 00 00 00 00 00 00 00 00 96 5b b4 1c 00 00 00
00 00 00 00 00 00 00 a4 5b b4 1c 00 00 00 00 00
00 00 00 00 00 b2 5b b4 1c 00 00 00 00 00 00 00
00 00 00 c0 5b b4 1c 00 00 00 00 00 00 00 00 00
00 ce 5b b4 1c 00 00 00 00 00 00 00 00 00 00 dc
5b b4 1c 00 00 00 00 00 00 00 00 00 00 ea 5b b4
1c 00 00 00 00 00 00 00 00 00 00 f8 5b b4 1c 00
00 00 00 00 00 00 00 00 00 06 5c b4 1c 00 00 00
00 00 00 00 00 00 00 14 5c b4 1c 00 00 00 00 00
00 00 00 00 00 22 5c b4 1c 00 00 00 00 00 00 00
00 00 00 30 5c b4 1c 00 00 00 00 00 00 00 00 00
00 3e 5c b4 1c 00 00 00 00 00 00 00 00 00 00 4c
5c b4 1c 00 00 00 00 00 00 00 00 00 00 5a 5c b4
1c 00 00 00 00 00 00 00 00 00 00 68 5c b4 1c 00
00 00 00 00 00 00 00 00 00 76 5c b4 1c 00 00 00
00 00 00 00 00 00 00 84 5c b4 1c 00 00 00 00 00
00 00 00 00 00 92 5c b4 1c 00 00 00 00 00 00 00
00 00 00 a0 5c b4 1c 00 00 00 00 00 00 00 00 00
00 ae 5c b4 1c 00 00 00 00 00 00 00 00 00 00 bc
5c b4 1c 00 00 00 00 00 00 00 00 00 00 ca 5c b4
1c 00 00 00 00 00 00 00 00 00 00 d8 5c b4 1c 00
00 00 00 00 00 00 00 00 00 e6 5c b4 1c 00 00 00
00 00 00 00 00 00 00 f4 5c b4 1c 00 00 00 00 00
00 00 00 00 00 02 5d b4 1c 00 00 00 00 00 00 00
00 00 00 00 00 00 00 10 25 b4 1c b2 2a b4 1c ce
2a b4 1c ce 2a b4 1c 5c 2b 00 00 f8 2b 07 00 00
c0 d4 03 00 00 20 00 54 57 07 00 00 00 00 01 00
1c 38 48 50 4b 4d 00 00 00 00 00 00 00 00 00 00
00 00 00 00 00 00 00 00 00 00 00 00 00 00 00 00
00 00 00 00 00 00 00 00 00 00 00 00 00 00 00 00
00 00 00 00 00 00 00 00 00 00 00 00 00 a0 5f b4
1c a0 00 80 00 0a 00 08 00 0a 00 09 00 02 04 1e
00 01 00 04 00 04 00 f0 ff 00 00 29 93 b4 1c 32
30 b5 2c e6 01 00 00 9e a0 b4 1c c2 31 b5 2c 1f
00 00 00 22 ab b4 1c 04 00 00 00 9c 00 70 00 04
00 00 04 01 00 00 00 00 00 00 00 00 00 00 00 00
00 02 00 00 00 00 00 00 00 00 00 00 00 00 00 00
00 00 00 00 00 00 00 00 00 00 00 00 00 00 00 00
00 00 00 00 00 00 00 00 00 00 00 00 00 00 00 00
00 00 00 00 00 00 00 00 00 00 00 00 00 00 00 00
00 00 00 00 00 00 00 00 00 00 00 00 00 00 00 00
00 00 00 00 00 00 00 00 00 00 00 00 00 00 00 00
00 00 00 00 00 00 00 00 00 00 00 00 00 00 00 00
00 00 00 00 00 00 00 00 00 00 00 00 00 00 00 00
00 00 00 00 00 00 00 00 00 00 00 00 00 00 00 00
00 00 00 00 00 00 00 00 00 00 00 00 00 00 00 00
00 00 00 00 00 00 00 00 00 00 00 00 00 00 00 00
00 00 00 00 00 00 00 00 00 00 00 00 00 00 00 00
00 00 00 00 00 00 00 00 00 00 00 00 00 00 00 00
00 00 00 00 00 00 00 00 00 00 00 00 00 00 00 00
00 00 00 00 00 00 00 00 00 00 00 00 00 00 00 00
00 00 00 00 00 00 00 00 00 00 00 00 00 00 00 00
00 00 00 00 00 00 00 00 00 00 00 00 00 00 00 00
00 00 00 00 00 00 00 00 00 00 00 00 00 00 00 00
00 48 0e b4 1c 8a 1a b4 1c 00 00 00 00 20 00 20
00 88 0e b4 1c 50 1b 51 1b 60 01 00 00 00 00 00
00 48 0e b4 1c b8 1a b4 1c 00 00 00 00 20 00 20
00 88 0e b4 1c 50 1b 51 1b 60 01 00 00 00 00 00
00 48 0e b4 1c e6 1a b4 1c 01 00 01 00 20 00 20
00 88 0e b4 1c 50 1b 51 1b 00 00 00 00 00 00 00
00 48 0e b4 1c 14 1b b4 1c 01 00 01 00 20 00 20
00 88 0e b4 1c 50 1b 51 1b 00 00 00 00 00 00 00
00 

struct size is 20706 bytes
