
qqqqqqqq


qqqqqqqq


====
0	paloffset=	10
====

i=1
i=2
i=3
i=4
i=3
i=3
i=3
i=3
i=3
i=3
i=3
i=3
i=4
i=1
i=1
i=1
i=1
i=1
i=1
i=1
i=1
i=5
i=6
i=7
i=8
i=1
i=1
i=1
i=1
i=1
i=1
i=1
i=1
i=1
i=1
i=1
i=1
i=1
i=1
i=9
i=10
i=11
i=12
i=4
i=1
i=1
i=1
i=1
i=1
i=1
i=1
i=1
i=1
i=1
i=1
i=1
i=1
i=1
i=13
i=14
i=15
i=16
i=1
i=1
i=1
i=5
i=8
i=1
i=11
i=11
i=1
i=1
i=1
i=1
i=1
i=1
i=1
i=1
i=1
i=4
i=8
i=8
i=1
i=11
i=11
i=3
i=1
i=1
i=1
i=1
i=1
i=1
i=1
i=1
i=1
i=1
i=1
i=1
i=8
i=8
i=1
i=1
i=1
i=1
i=1
i=1
i=1
i=1
i=1
i=1
i=1
i=1
i=1
i=1
i=1
i=1
i=1
i=1
i=1
i=1
i=1
i=1
i=1
i=1
i=1
i=1
i=1
i=1
i=1
i=1
i=1
i=1
i=1
i=1
i=1
i=1
i=1
i=1
i=1
i=1
i=1
i=1
i=3
i=1
i=1
i=1
i=1
i=1
i=1
i=1
i=1
i=1
i=1
i=1
i=1
i=1
i=1
i=1
i=1
i=1
i=1
i=1
i=1
i=3
i=1
i=1
i=1
i=1
i=1
i=1
i=1
i=1
i=1
i=1
i=1
i=1
i=1
i=1
i=1
i=1
i=1
i=1
i=1
i=1
i=1
i=3
i=1
i=1
i=1
i=1
i=1
i=1
i=1
i=1
i=1
i=1
i=1
i=1
i=1
i=1
i=1
i=1
i=1
i=1
i=1
i=1
i=1
i=3
i=1
i=1
i=1
i=1
i=1
i=1
i=1
i=1
i=1
i=1
i=1
i=1
i=1
i=1
i=1
i=1
i=1
i=3
i=3
i=3
i=3
i=1
i=2
i=3
i=4
i=3
i=1
i=1
i=1
i=1
i=1
i=1
i=1
i=1
i=1
i=1
i=1
i=1
i=3
i=1
i=1
i=1
i=1
i=5
i=6
i=7
i=8
i=6
i=1
i=1
i=1
i=1
i=1
i=1
i=1
i=1
i=1
i=1
i=3
i=3
i=1
i=1
i=1
i=1
i=1
i=9
i=10
i=11
i=12
i=6
i=1
i=1
i=1
i=1
i=1
i=1
i=1
i=1
i=1
i=3
i=1
i=1
i=1
i=1
i=1
i=1
i=1
i=13
i=14
i=15
i=16
i=3
i=1
i=1
i=1
i=1
i=1
i=1
i=1
i=1
i=1
i=3
i=1
i=1
i=1
i=1
i=1
i=1
i=1
i=1
i=1
i=1
i=1
i=3
i=1
i=2
i=3
i=4
i=3
i=3
i=3
i=3
i=3
i=3
i=3
i=3
i=4
i=1
i=1
i=1
i=1
i=1
i=1
i=1
i=1
i=5
i=6
i=7
i=8
i=1
i=1
i=1
i=1
i=1
i=1
i=1
i=1
i=1
i=1
i=1
i=1
i=1
i=1
i=9
i=10
i=11
i=12
i=4
i=1
i=1
i=1
i=1
i=1
i=1
i=1
i=1
i=1
i=1
i=1
i=1
i=1
i=1
i=13
i=14
i=15
i=16
i=1
i=1
i=1
i=5
i=8
i=1
i=11
i=11
i=1
i=1
i=1
i=1
i=1
i=1
i=1
i=1
i=1
i=4
i=8
i=8
i=1
i=11
i=11
i=3
i=1
i=1
i=1
i=1
i=1
i=1
i=1
i=1
i=1
i=1
i=1
i=1
i=8
i=8
i=1
i=1
i=1
i=1
i=1
i=1
i=1
i=1
i=1
i=1
i=1
i=1
i=1
i=1
i=1
i=1
i=1
i=1
i=1
i=1
i=1
i=1
i=1
i=1
i=1
i=1
i=1
i=1
i=1
i=1
i=1
i=1
i=1
i=1
i=1
i=1
i=1
i=1
i=1
i=1
i=1
i=1
i=3
i=1
i=1
i=1
i=1
i=1
i=1
i=1
i=1
i=1
i=1
i=1
i=1
i=1
i=1
i=1
i=1
i=1
i=1
i=1
i=1
i=3
i=1
i=1
i=1
i=1
i=1
i=1
i=1
i=1
i=1
i=1
i=1
i=1
i=1
i=1
i=1
i=1
i=1
i=1
i=1
i=1
i=1
i=3
i=1
i=1
i=1
i=1
i=1
i=1
i=1
i=1
i=1
i=1
i=1
i=1
i=1
i=1
i=1
i=1
i=1
i=1
i=1
i=1
i=1
i=3
i=1
i=1
i=1
i=1
i=1
i=1
i=1
i=1
i=1
i=1
i=1
i=1
i=1
i=1
i=1
i=1
i=1
i=3
i=3
i=3
i=3
i=1
i=2
i=3
i=4
i=3
i=1
i=1
i=1
i=1
i=1
i=1
i=1
i=1
i=1
i=1
i=1
i=1
i=3
i=1
i=1
i=1
i=1
i=5
i=6
i=7
i=8
i=6
i=1
i=1
i=1
i=1
i=1
i=1
i=1
i=1
i=1
i=1
i=3
i=3
i=1
i=1
i=1
i=1
i=1
i=9
i=10
i=11
i=12
i=6
i=1
i=1
i=1
i=1
i=1
i=1
i=1
i=1
i=1
i=3
i=1
i=1
i=1
i=1
i=1
i=1
i=1
i=13
i=14
i=15
i=16
i=3
i=1
i=1
i=1
i=1
i=1
i=1
i=1
i=1
i=1
i=3
i=1
i=1
i=1
i=1
i=1
i=1
i=1
i=1
i=1
i=1
i=1
i=3
Project 16 scroll.exe
tx: 0
ty: 0
player.x: 160		player.y: 128
player.tx: 10		player.ty: 8
player.triggx: 10	player.triggy: 9
player.hp: 4	player.q: 1	player.d: 0
tile data value at player trigger position: 0
palette offset:	10
Total used: 32328
Total free: 25816
temporary player sprite 0: http://www.pixiv.net/member_illust.php?mode=medium&illust_id=45556867
temporary player sprite 1: http://www.pixiv.net/member_illust.php?mode=medium&illust_id=44606385
Screen: 352x280
Screen2: 352x280
detected CPU type: 386 or newer
