
PACKING LIST FOR MODEX104

DIRECTORY: \               - The Mode X Library versoon 1.04 

ASM      BAT        26 05-14-93   6:00p - Batch File to Assemble MODEX.ASM
MODE-X   TXT      2135 05-14-93   6:00p - File Describing MODE X Routines
MODEX    ASM    117039 05-14-93   6:00p - Assembly source to Mode X Library
MODEX    BI       3238 05-14-93   6:00p - Include File for BASIC/PDS
MODEX    H        2943 05-14-93   6:00p - Include File for C/C++
MODEX    OBJ      5208 05-14-93   6:00p - The Mode X Library
README   DOC      3259 05-14-93   6:00p - Information on this Product
PACKING  LST      4767 05-14-93   6:00p - This File

DIRECTORY: \DEMOS          - Mode X Demos

CHARDEMO EXE     13066 05-14-93   6:00p - Demo of Multiple Fonts & Color Cycling
TEST6    EXE     19990 05-14-93   6:00p - Main Mode X Demo
ROM_8X8  FNT      1024 05-14-93   6:00p - Font for CHARDEMO.EXE
SPACEAGE FNT      1024 05-14-93   6:00p - Font for CHARDEMO.EXE
SYSTEM   FNT      1024 05-14-93   6:00p - Font for CHARDEMO.EXE

DIRECTORY: \DEMOS\BASIC7   - Demo Sources for Microsoft BASIC 7.1 (PDS)

MAKE-LIB BAT       166 05-14-93   6:00p - Batch File to make MODEX.LIB/.QLB
MODEX    BI       3238 05-14-93   6:00p - Include File for MODE X Library
MODEX    LIB      7189 05-14-93   6:00p - Mode X & Utility Libraries for QBX
MODEX    OBJ      5208 05-14-93   6:00p - Mode X Library - Object File
MODEX    QLB     11141 05-14-93   6:00p - Mode X & Utility Quick Library
TEST6    BAS     12733 05-14-93   6:00p - Main Demo Source Code (TEST6.EXE)
UASM-BC7 BAT        43 05-14-93   6:00p - Batch file to Make UTILS.OBJ for QBX
UTILS    ASM      8506 05-14-93   6:00p - Basic Utilities - Assembler source
UTILS    BI       2028 05-14-93   6:00p - Basic Utilities - Basic Includes
UTILS    OBJ       681 05-14-93   6:00p - Basic Utilities - Object File
CHARDEMO BAS      3431 05-14-93   6:00p - Source to CHARDEMO.EXE

DIRECTORY: \DEMOS\C        - Demo Sources for Borland C/C++

C_UTILS  ASM      8782 05-14-93   6:00p - C Utilities - Assembler source
C_UTILS  H        2623 05-14-93   6:00p - C Utilities - C Includes
C_UTILS  OBJ       648 05-14-93   6:00p - C Utilities - Object File
MODEX    H        2943 05-14-93   6:00p - Mode X Library C Incldues
MODEX    OBJ      5208 05-14-93   6:00p - Mode X Library
UTLS-ASM BAT        36 05-14-93   6:00p - Batch File to Make C_UTILS.OBJ
X-DEMO   C       15085 05-14-93   6:00p - Source to Main Demo (TEST6) in C
X-DEMO   EXE     41090 05-14-93   6:00p - C Version of Main Demo
X-DEMO   PRJ      5188 05-14-93   6:00p - Borland C Project file

DIRECTORY: \DEMOS\PASCAL  - Demo Sources for Turbo Pascal

TEST5    PAS     15873 05-14-93   6:00p - Source for a TP Version of TEST6.EXE

DIRECTORY: \DEMOS\QB45    - Demo Sources for Microsoft QuickBASIC 4.5

MAKE-LIB BAT       164 05-14-93   6:00p - Batch File to make MODEX.LIB/.QLB
MODEX    BI       3238 05-14-93   6:00p - Include File for MODE X Library
MODEX    LIB      7189 05-14-93   6:00p - Mode X & Utility Libraries for QB45
MODEX    OBJ      5208 05-14-93   6:00p - Mode X Library - Object File
MODEX    QLB      9739 05-14-93   6:00p - Mode X & Utility Quick Library/QB45
TEST6A   BAS     12743 05-14-93   6:00p - Main Demo Source Code (TEST6.EXE)
TEST6A   EXE     40544 05-14-93   6:00p - QB45 Version of Main Demo
UASM-QB4 BAT        30 05-14-93   6:00p - Batch file to Make UTILS.OBJ for QB45
UTILS    ASM      8506 05-14-93   6:00p - Basic Utilities - Assembler source
UTILS    BI       2028 05-14-93   6:00p - Basic Utilities - Basic Includes
UTILS    OBJ       628 05-14-93   6:00p - Basic Utilities - Object File

DIRECTORY: \FONTEDIT      - Font Editor

CSEDIT   EXE     39242 05-14-93   6:00p - Font Editor Program
CSEDIT   DOC      8629 05-14-93   6:00p - Font Editor Documentation
CHARSETS CS       2144 05-14-93   6:00p - Internal Fonts for Editor
MOUSEIMG CS        128 05-14-93   6:00p - Mouse Pointers for Editor
PALETTE  CS        768 05-14-93   6:00p - Palette for Editor
INVERSE  FNT      1024 05-14-93   6:00p - Sample Font
ROM_8X8  FNT      1024 05-14-93   6:00p - Sample Font
SPACEAGE FNT      1024 05-14-93   6:00p - Sample Font
SYSTEM   FNT      1024 05-14-93   6:00p - Sample Font

DIRECTORY: \PALEDIT       - Palette Editor

PALEDIT  EXE     31954 05-14-93   6:00p - Palette Editor Program
PALEDIT  DOC      6688 05-14-93   6:00p - Palette Editor Documentation
CHARSETS CS       2144 05-14-93   6:00p - Internal Fonts for Editor
MOUSEIMG CS        128 05-14-93   6:00p - Mouse Pointers for Editor
GAMECOLR PAL       768 05-14-93   6:00p - Sample Palette
PRIME    PAL       768 05-14-93   6:00p - Sample Palette
RGB      PAL       768 05-14-93   6:00p - Sample Palette
